<?xml version="1.0" encoding="UTF-8"?>
<testsuite xmlns:xsi="http://www.w3.org/2001/XMLSchema-instance" xsi:noNamespaceSchemaLocation="https://maven.apache.org/surefire/maven-failsafe-plugin/xsd/failsafe-test-report-3.0.xsd" version="3.0" name="starter.CucumberTestSuite" time="42.741" tests="1" errors="0" skipped="0" failures="0">
  <properties>
[...]
</properties>
  <testcase name="As Admin, I can filter user sort by newest" classname="User" time="28.688">
    <system-out><![CDATA[06:02:50.056 [main] DEBUG net.thucydides.core.guice.Injectors - Created injector for module net.thucydides.core.guice.ThucydidesModule
06:02:50.821 [main] DEBUG io.cucumber.core.plugin.SerenityReporter - Running feature from file:///D:/CapstoneWeb/src/test/resources/features/Login.feature
06:02:51.292 [main] DEBUG net.thucydides.core.guice.Injectors - Created injector for module net.thucydides.core.guice.webdriver.WebDriverModule
06:02:51.383 [main] INFO  - 

-------------------------------------------------------------------------------------
     _______. _______ .______       _______ .__   __.  __  .___________.____    ____ 
    /       ||   ____||   _  \     |   ____||  \ |  | |  | |           |\   \  /   / 
   |   (----`|  |__   |  |_)  |    |  |__   |   \|  | |  | `---|  |----` \   \/   /  
    \   \    |   __|  |      /     |   __|  |  . `  | |  |     |  |       \_    _/   
.----)   |   |  |____ |  |\  \----.|  |____ |  |\   | |  |     |  |         |  |     
|_______/    |_______|| _| `._____||_______||__| \__| |__|     |__|         |__|    
                                                                                     
 News and tutorials at http://www.serenity-bdd.info                                  
 Documentation at https://wakaleo.gitbooks.io/the-serenity-book/content/             
 Join the Serenity Community on Gitter: https://gitter.im/serenity-bdd/serenity-core 
 Serenity BDD Support and Training at http://serenity-bdd.info/#/trainingandsupport  
-------------------------------------------------------------------------------------

06:02:51.391 [main] DEBUG net.thucydides.core.steps.StepEventBus - Test suite started for story net.thucydides.core.model.Story@23282f08
06:02:51.399 [main] INFO  - Test Suite Started: Login
06:02:51.442 [main] DEBUG io.cucumber.core.plugin.SerenityReporter - Running feature from file:///D:/CapstoneWeb/src/test/resources/features/Logout.feature
06:02:51.453 [main] DEBUG net.thucydides.core.steps.StepEventBus - Test suite started for story net.thucydides.core.model.Story@7960de68
06:02:51.456 [main] INFO  - Test Suite Started: Logout
06:02:51.457 [main] DEBUG io.cucumber.core.plugin.SerenityReporter - Running feature from file:///D:/CapstoneWeb/src/test/resources/features/User.feature
06:02:51.476 [main] DEBUG net.thucydides.core.steps.StepEventBus - Test suite started for story net.thucydides.core.model.Story@4eea5d88
06:02:51.477 [main] INFO  - Test Suite Started: User
06:02:51.479 [main] DEBUG io.cucumber.core.plugin.SerenityReporter - Running feature from file:///D:/CapstoneWeb/src/test/resources/features/User.feature
06:02:51.491 [main] DEBUG net.thucydides.core.steps.StepEventBus - Test suite started for story net.thucydides.core.model.Story@4eea5d88
06:02:51.493 [main] INFO  - Test Suite Started: User

@User @SortByNewest
Scenario: As Admin, I can filter user sort by newest &amp#27;[90m# src/test/resources/features/User.feature:46&amp#27;[0m
06:02:51.769 [main] DEBUG io.cucumber.core.plugin.SerenityReporter - Running feature from file:///D:/CapstoneWeb/src/test/resources/features/User.feature
06:02:52.187 [main] INFO  - 
  _____   ___   ___   _____     ___   _____     _     ___   _____   ___   ___  
 |_   _| | __| / __| |_   _|   / __| |_   _|   /_\   | _ \ |_   _| | __| |   \ 
   | |   | _|  \__ \   | |     \__ \   | |    / _ \  |   /   | |   | _|  | |) |
   |_|   |___| |___/   |_|     |___/   |_|   /_/ \_\ |_|_\   |_|   |___| |___/ 

As Admin, I can filter user sort by newest(user;as-admin--i-can-filter-user-sort-by-newest)
--------------------------------------------------------------------------------
06:02:52.338 [main] DEBUG net.thucydides.core.requirements.model.cucumber.CucumberParser - Loading feature D:\CapstoneWeb\src\test\resources\features\Login.feature
06:02:52.394 [main] DEBUG net.thucydides.core.requirements.model.cucumber.CucumberParser - Loading feature D:\CapstoneWeb\src\test\resources\features\Logout.feature
06:02:52.413 [main] DEBUG net.thucydides.core.requirements.model.cucumber.CucumberParser - Loading feature D:\CapstoneWeb\src\test\resources\features\User.feature
06:02:54.456 [main] INFO net.serenitybdd.core.webdriver.driverproviders.DriverProvider - Using WebDriverManager configuration for chrome
06:02:55.860 [main] DEBUG io.github.bonigarcia.wdm.cache.ResolutionCache - Resolution chrome=114 in cache (valid until 06:26:12 25/06/2023 ICT)
06:02:55.863 [main] DEBUG io.github.bonigarcia.wdm.cache.ResolutionCache - Resolution chrome114=114.0.5735.90 in cache (valid until 15:51:49 25/06/2023 ICT)
06:02:55.865 [main] INFO io.github.bonigarcia.wdm.WebDriverManager - Using chromedriver 114.0.5735.90 (resolved driver for Chrome 114)
06:02:55.915 [main] DEBUG io.github.bonigarcia.wdm.WebDriverManager - Driver chromedriver 114.0.5735.90 found in cache
06:02:55.920 [main] INFO io.github.bonigarcia.wdm.WebDriverManager - Exporting webdriver.chrome.driver as C:\Users\alimu\.cache\selenium\chromedriver\win32\114.0.5735.90\chromedriver.exe
06:02:56.164 [main] INFO net.serenitybdd.core.webdriver.driverproviders.ChromeDriverProvider - Starting Chrome driver instance with capabilities:
06:02:56.173 [main] INFO net.serenitybdd.core.webdriver.driverproviders.ChromeDriverProvider - Capabilities {acceptInsecureCerts: true, browserName: chrome, goog:chromeOptions: {args: [remote-allow-origins=*, test-type, no-sandbox, ignore-certificate-errors, start-maximized, incognito, disable-infobars, disable-gpu, disable-default-apps, disable-popup-blocking, remote-allow-origins=*, test-type, no-sandbox, ignore-certificate-errors, start-maximized, incognito, disable-infobars, disable-gpu, disable-default-apps, disable-popup-blocking, remote-allow-origins=*], extensions: []}}
06:02:56.493 [main] DEBUG io.netty.util.internal.logging.InternalLoggerFactory - Using SLF4J as the default logging framework
06:02:56.506 [main] DEBUG io.netty.util.ResourceLeakDetector - -Dio.netty.leakDetection.level: simple
06:02:56.507 [main] DEBUG io.netty.util.ResourceLeakDetector - -Dio.netty.leakDetection.targetRecords: 4
06:02:56.521 [main] DEBUG io.netty.util.ResourceLeakDetectorFactory - Loaded default ResourceLeakDetector: io.netty.util.ResourceLeakDetector@2b7facc7
06:02:56.611 [main] DEBUG io.netty.util.internal.PlatformDependent0 - -Dio.netty.noUnsafe: false
06:02:56.612 [main] DEBUG io.netty.util.internal.PlatformDependent0 - Java version: 11
06:02:56.615 [main] DEBUG io.netty.util.internal.PlatformDependent0 - sun.misc.Unsafe.theUnsafe: available
06:02:56.617 [main] DEBUG io.netty.util.internal.PlatformDependent0 - sun.misc.Unsafe.copyMemory: available
06:02:56.619 [main] DEBUG io.netty.util.internal.PlatformDependent0 - sun.misc.Unsafe.storeFence: available
06:02:56.621 [main] DEBUG io.netty.util.internal.PlatformDependent0 - java.nio.Buffer.address: available
06:02:56.623 [main] DEBUG io.netty.util.internal.PlatformDependent0 - direct buffer constructor: unavailable: Reflective setAccessible(true) disabled
06:02:56.627 [main] DEBUG io.netty.util.internal.PlatformDependent0 - java.nio.Bits.unaligned: available, true
06:02:56.630 [main] DEBUG io.netty.util.internal.PlatformDependent0 - jdk.internal.misc.Unsafe.allocateUninitializedArray(int): unavailable: class io.netty.util.internal.PlatformDependent0$7 cannot access class jdk.internal.misc.Unsafe (in module java.base) because module java.base does not export jdk.internal.misc to unnamed module @58783f6c
06:02:56.643 [main] DEBUG io.netty.util.internal.PlatformDependent0 - java.nio.DirectByteBuffer.<init>(long, int): unavailable
06:02:56.643 [main] DEBUG io.netty.util.internal.PlatformDependent - sun.misc.Unsafe: available
06:02:56.648 [main] DEBUG io.netty.util.internal.PlatformDependent - maxDirectMemory: 1595932672 bytes (maybe)
06:02:56.649 [main] DEBUG io.netty.util.internal.PlatformDependent - -Dio.netty.tmpdir: C:\Users\alimu\AppData\Local\Temp (java.io.tmpdir)
06:02:56.649 [main] DEBUG io.netty.util.internal.PlatformDependent - -Dio.netty.bitMode: 64 (sun.arch.data.model)
06:02:56.650 [main] DEBUG io.netty.util.internal.PlatformDependent - Platform: Windows
06:02:56.653 [main] DEBUG io.netty.util.internal.PlatformDependent - -Dio.netty.maxDirectMemory: -1 bytes
06:02:56.653 [main] DEBUG io.netty.util.internal.PlatformDependent - -Dio.netty.uninitializedArrayAllocationThreshold: -1
06:02:56.656 [main] DEBUG io.netty.util.internal.CleanerJava9 - java.nio.ByteBuffer.cleaner(): available
06:02:56.657 [main] DEBUG io.netty.util.internal.PlatformDependent - -Dio.netty.noPreferDirect: false
06:02:56.693 [main] DEBUG io.netty.util.internal.PlatformDependent - org.jctools-core.MpscChunkedArrayQueue: available
06:02:56.775 [main] DEBUG io.netty.util.internal.InternalThreadLocalMap - -Dio.netty.threadLocalMap.stringBuilder.initialSize: 1024
06:02:56.776 [main] DEBUG io.netty.util.internal.InternalThreadLocalMap - -Dio.netty.threadLocalMap.stringBuilder.maxSize: 4096
06:02:56.872 [main] DEBUG io.netty.handler.ssl.JdkSslContext - Default protocols (JDK): [TLSv1.3, TLSv1.2] 
06:02:56.872 [main] DEBUG io.netty.handler.ssl.JdkSslContext - Default cipher suites (JDK): [TLS_ECDHE_ECDSA_WITH_AES_256_GCM_SHA384, TLS_ECDHE_ECDSA_WITH_AES_128_GCM_SHA256, TLS_ECDHE_RSA_WITH_AES_128_GCM_SHA256, TLS_ECDHE_RSA_WITH_AES_256_GCM_SHA384, TLS_ECDHE_RSA_WITH_AES_128_CBC_SHA, TLS_ECDHE_RSA_WITH_AES_256_CBC_SHA, TLS_RSA_WITH_AES_128_GCM_SHA256, TLS_RSA_WITH_AES_128_CBC_SHA, TLS_RSA_WITH_AES_256_CBC_SHA, TLS_AES_128_GCM_SHA256, TLS_AES_256_GCM_SHA384]
06:02:56.969 [main] DEBUG io.netty.channel.MultithreadEventLoopGroup - -Dio.netty.eventLoopThreads: 16
06:02:57.004 [main] DEBUG io.netty.channel.nio.NioEventLoop - -Dio.netty.noKeySetOptimization: false
06:02:57.005 [main] DEBUG io.netty.channel.nio.NioEventLoop - -Dio.netty.selectorAutoRebuildThreshold: 512
06:02:57.144 [main] DEBUG io.netty.buffer.PooledByteBufAllocator - -Dio.netty.allocator.numHeapArenas: 16
06:02:57.144 [main] DEBUG io.netty.buffer.PooledByteBufAllocator - -Dio.netty.allocator.numDirectArenas: 16
06:02:57.144 [main] DEBUG io.netty.buffer.PooledByteBufAllocator - -Dio.netty.allocator.pageSize: 8192
06:02:57.144 [main] DEBUG io.netty.buffer.PooledByteBufAllocator - -Dio.netty.allocator.maxOrder: 9
06:02:57.144 [main] DEBUG io.netty.buffer.PooledByteBufAllocator - -Dio.netty.allocator.chunkSize: 4194304
06:02:57.145 [main] DEBUG io.netty.buffer.PooledByteBufAllocator - -Dio.netty.allocator.smallCacheSize: 256
06:02:57.145 [main] DEBUG io.netty.buffer.PooledByteBufAllocator - -Dio.netty.allocator.normalCacheSize: 64
06:02:57.145 [main] DEBUG io.netty.buffer.PooledByteBufAllocator - -Dio.netty.allocator.maxCachedBufferCapacity: 32768
06:02:57.145 [main] DEBUG io.netty.buffer.PooledByteBufAllocator - -Dio.netty.allocator.cacheTrimInterval: 8192
06:02:57.145 [main] DEBUG io.netty.buffer.PooledByteBufAllocator - -Dio.netty.allocator.cacheTrimIntervalMillis: 0
06:02:57.145 [main] DEBUG io.netty.buffer.PooledByteBufAllocator - -Dio.netty.allocator.useCacheForAllThreads: false
06:02:57.145 [main] DEBUG io.netty.buffer.PooledByteBufAllocator - -Dio.netty.allocator.maxCachedByteBuffersPerChunk: 1023
06:02:57.184 [main] DEBUG io.netty.buffer.ByteBufUtil - -Dio.netty.allocator.type: pooled
06:02:57.184 [main] DEBUG io.netty.buffer.ByteBufUtil - -Dio.netty.threadLocalDirectBufferSize: 0
06:02:57.184 [main] DEBUG io.netty.buffer.ByteBufUtil - -Dio.netty.maxThreadLocalCharBufferSize: 16384
06:02:58.382 [Forwarding newSession on session null to remote] DEBUG io.netty.channel.DefaultChannelId - -Dio.netty.processId: 3976 (auto-detected)
06:02:58.386 [Forwarding newSession on session null to remote] DEBUG io.netty.util.NetUtil - -Djava.net.preferIPv4Stack: false
06:02:58.387 [Forwarding newSession on session null to remote] DEBUG io.netty.util.NetUtil - -Djava.net.preferIPv6Addresses: false
06:02:58.767 [Forwarding newSession on session null to remote] DEBUG io.netty.util.NetUtilInitializations - Loopback interface: lo (Software Loopback Interface 1, 127.0.0.1)
06:02:58.770 [Forwarding newSession on session null to remote] DEBUG io.netty.util.NetUtil - Failed to get SOMAXCONN from sysctl and file \proc\sys\net\core\somaxconn. Default: 200
06:02:58.822 [Forwarding newSession on session null to remote] DEBUG io.netty.channel.DefaultChannelId - -Dio.netty.machineId: 8c:c8:4b:ff:fe:f2:d5:d1 (auto-detected)
06:02:59.054 [AsyncHttpClient-1-2] DEBUG io.netty.buffer.AbstractByteBuf - -Dio.netty.buffer.checkAccessible: true
06:02:59.055 [AsyncHttpClient-1-2] DEBUG io.netty.buffer.AbstractByteBuf - -Dio.netty.buffer.checkBounds: true
06:02:59.055 [AsyncHttpClient-1-2] DEBUG io.netty.util.ResourceLeakDetectorFactory - Loaded default ResourceLeakDetector: io.netty.util.ResourceLeakDetector@3a39aa07
06:02:59.098 [AsyncHttpClient-1-2] DEBUG org.asynchttpclient.netty.channel.NettyConnectListener - Using new Channel '[id: 0xf9219739, L:/127.0.0.1:51463 - R:localhost/127.0.0.1:27420]' for 'POST' to '/session'
06:02:59.141 [AsyncHttpClient-1-2] DEBUG io.netty.util.Recycler - -Dio.netty.recycler.maxCapacityPerThread: 4096
06:02:59.141 [AsyncHttpClient-1-2] DEBUG io.netty.util.Recycler - -Dio.netty.recycler.ratio: 8
06:02:59.141 [AsyncHttpClient-1-2] DEBUG io.netty.util.Recycler - -Dio.netty.recycler.chunkSize: 32
06:02:59.141 [AsyncHttpClient-1-2] DEBUG io.netty.util.Recycler - -Dio.netty.recycler.blocking: false
06:03:00.649 [AsyncHttpClient-1-2] DEBUG io.netty.handler.codec.compression.Brotli - brotli4j not in the classpath; Brotli support will be unavailable.
06:03:00.649 [AsyncHttpClient-1-2] DEBUG org.asynchttpclient.netty.handler.HttpHandler - 

Request DefaultHttpRequest(decodeResult: success, version: HTTP/1.1)
POST /session HTTP/1.1
User-Agent: selenium/4.8.1 (java windows)
Content-Length: 1701
Content-Type: application/json; charset=utf-8
host: localhost:27420
accept: */*

Response DefaultHttpResponse(decodeResult: success, version: HTTP/1.1)
HTTP/1.1 200 OK
Content-Length: 843
Content-Type: application/json; charset=utf-8
cache-control: no-cache

06:03:00.692 [AsyncHttpClient-1-2] DEBUG org.asynchttpclient.netty.channel.ChannelManager - Adding key: http://localhost:27420 for channel [id: 0xf9219739, L:/127.0.0.1:51463 - R:localhost/127.0.0.1:27420]
06:03:01.010 [AsyncHttpClient-1-3] DEBUG org.asynchttpclient.netty.channel.NettyConnectListener - Using new Channel '[id: 0xd00532b7, L:/127.0.0.1:51473 - R:localhost/127.0.0.1:51465]' for 'GET' to '/json/version'
06:03:01.024 [AsyncHttpClient-1-3] DEBUG org.asynchttpclient.netty.handler.HttpHandler - 

Request DefaultFullHttpRequest(decodeResult: success, version: HTTP/1.1, content: EmptyByteBufBE)
GET /json/version HTTP/1.1
User-Agent: selenium/4.8.1 (java windows)
host: localhost:51465
accept: */*

Response DefaultHttpResponse(decodeResult: success, version: HTTP/1.1)
HTTP/1.1 200 OK
Content-Security-Policy: frame-ancestors 'none'
Content-Length: 424
Content-Type: application/json; charset=UTF-8

06:03:01.026 [AsyncHttpClient-1-3] DEBUG org.asynchttpclient.netty.channel.ChannelManager - Adding key: http://localhost:51465 for channel [id: 0xd00532b7, L:/127.0.0.1:51473 - R:localhost/127.0.0.1:51465]
06:03:01.057 [main] DEBUG io.netty.util.internal.ThreadLocalRandom - -Dio.netty.initialSeedUniquifier: 0xd8ca80346e7a32b7
06:03:01.077 [AsyncHttpClient-1-4] DEBUG org.asynchttpclient.netty.channel.NettyConnectListener - Using new Channel '[id: 0x6c4fc173, L:/127.0.0.1:51474 - R:localhost/127.0.0.1:51465]' for 'GET' to '/devtools/browser/e3330292-4f86-4fa4-818e-cb2214c5cc0e'
06:03:01.089 [AsyncHttpClient-1-4] DEBUG org.asynchttpclient.netty.handler.WebSocketHandler - 

Request DefaultFullHttpRequest(decodeResult: success, version: HTTP/1.1, content: EmptyByteBufBE)
GET /devtools/browser/e3330292-4f86-4fa4-818e-cb2214c5cc0e HTTP/1.1
upgrade: websocket
connection: upgrade
sec-websocket-key: +th5bYyIri5QS/PXVb7LMQ==
sec-websocket-version: 13
origin: http://localhost:51465
host: localhost:51465
accept: */*
user-agent: AHC/2.1

Response DefaultHttpResponse(decodeResult: success, version: HTTP/1.1)
HTTP/1.1 101 WebSocket Protocol Handshake
Upgrade: WebSocket
Connection: Upgrade
Sec-WebSocket-Accept: 7co2/l4Zvw/yNA//lPMm4HmTRkg=

06:03:01.213 [AsyncHttpClient-1-1] DEBUG org.asynchttpclient.netty.channel.DefaultChannelPool - Entry count for : http://localhost:27420 : 1
06:03:01.214 [AsyncHttpClient-1-1] DEBUG org.asynchttpclient.netty.channel.DefaultChannelPool - Entry count for : http://localhost:51465 : 1
06:03:01.416 [Forwarding get on session 2cf5151f26810885d723368074bec302 to remote] DEBUG org.asynchttpclient.netty.request.NettyRequestSender - Using pooled Channel '[id: 0xf9219739, L:/127.0.0.1:51463 - R:localhost/127.0.0.1:27420]' for 'POST' to 'http://localhost:27420/session/2cf5151f26810885d723368074bec302/url'
06:03:01.416 [Forwarding get on session 2cf5151f26810885d723368074bec302 to remote] DEBUG org.asynchttpclient.netty.request.NettyRequestSender - Using open Channel [id: 0xf9219739, L:/127.0.0.1:51463 - R:localhost/127.0.0.1:27420] for POST '/session/2cf5151f26810885d723368074bec302/url'
06:03:02.311 [AsyncHttpClient-1-1] DEBUG org.asynchttpclient.netty.channel.DefaultChannelPool - Entry count for : http://localhost:51465 : 1
06:03:02.790 [AsyncHttpClient-1-2] DEBUG org.asynchttpclient.netty.handler.HttpHandler - 

Request DefaultHttpRequest(decodeResult: success, version: HTTP/1.1)
POST /session/2cf5151f26810885d723368074bec302/url HTTP/1.1
User-Agent: selenium/4.8.1 (java windows)
Content-Length: 69
Content-Type: application/json; charset=utf-8
host: localhost:27420
accept: */*

Response DefaultHttpResponse(decodeResult: success, version: HTTP/1.1)
HTTP/1.1 200 OK
Content-Length: 14
Content-Type: application/json; charset=utf-8
cache-control: no-cache

06:03:02.791 [AsyncHttpClient-1-2] DEBUG org.asynchttpclient.netty.channel.ChannelManager - Adding key: http://localhost:27420 for channel [id: 0xf9219739, L:/127.0.0.1:51463 - R:localhost/127.0.0.1:27420]
06:03:02.806 [Forwarding setTimeout on session 2cf5151f26810885d723368074bec302 to remote] DEBUG org.asynchttpclient.netty.request.NettyRequestSender - Using pooled Channel '[id: 0xf9219739, L:/127.0.0.1:51463 - R:localhost/127.0.0.1:27420]' for 'POST' to 'http://localhost:27420/session/2cf5151f26810885d723368074bec302/timeouts'
06:03:02.806 [Forwarding setTimeout on session 2cf5151f26810885d723368074bec302 to remote] DEBUG org.asynchttpclient.netty.request.NettyRequestSender - Using open Channel [id: 0xf9219739, L:/127.0.0.1:51463 - R:localhost/127.0.0.1:27420] for POST '/session/2cf5151f26810885d723368074bec302/timeouts'
06:03:02.810 [AsyncHttpClient-1-2] DEBUG org.asynchttpclient.netty.handler.HttpHandler - 

Request DefaultHttpRequest(decodeResult: success, version: HTTP/1.1)
POST /session/2cf5151f26810885d723368074bec302/timeouts HTTP/1.1
User-Agent: selenium/4.8.1 (java windows)
Content-Length: 22
Content-Type: application/json; charset=utf-8
host: localhost:27420
accept: */*

Response DefaultHttpResponse(decodeResult: success, version: HTTP/1.1)
HTTP/1.1 200 OK
Content-Length: 14
Content-Type: application/json; charset=utf-8
cache-control: no-cache

06:03:02.811 [AsyncHttpClient-1-2] DEBUG org.asynchttpclient.netty.channel.ChannelManager - Adding key: http://localhost:27420 for channel [id: 0xf9219739, L:/127.0.0.1:51463 - R:localhost/127.0.0.1:27420]
  &amp#27;[32mGiven &amp#27;[0m&amp#27;[32mI am on the landing page&amp#27;[0m                     &amp#27;[90m# starter.stepdefinitions.LoginSteps.onTheLandingPage()&amp#27;[0m
06:03:02.891 [main] DEBUG net.serenitybdd.core.photography.Darkroom - Opening darkroom
06:03:02.895 [Darkroom Processing Line] DEBUG net.serenitybdd.core.photography.DarkroomProcessingLine - Darkroom processing line starting up
06:03:02.927 [Forwarding getAlertText on session 2cf5151f26810885d723368074bec302 to remote] DEBUG org.asynchttpclient.netty.request.NettyRequestSender - Using pooled Channel '[id: 0xf9219739, L:/127.0.0.1:51463 - R:localhost/127.0.0.1:27420]' for 'GET' to 'http://localhost:27420/session/2cf5151f26810885d723368074bec302/alert/text'
06:03:02.927 [Forwarding getAlertText on session 2cf5151f26810885d723368074bec302 to remote] DEBUG org.asynchttpclient.netty.request.NettyRequestSender - Using open Channel [id: 0xf9219739, L:/127.0.0.1:51463 - R:localhost/127.0.0.1:27420] for GET '/session/2cf5151f26810885d723368074bec302/alert/text'
06:03:02.932 [AsyncHttpClient-1-2] DEBUG org.asynchttpclient.netty.handler.HttpHandler - 

Request DefaultFullHttpRequest(decodeResult: success, version: HTTP/1.1, content: EmptyByteBufBE)
GET /session/2cf5151f26810885d723368074bec302/alert/text HTTP/1.1
User-Agent: selenium/4.8.1 (java windows)
Cache-Control: no-cache
Content-Type: application/json; charset=utf-8
host: localhost:27420
accept: */*

Response DefaultHttpResponse(decodeResult: success, version: HTTP/1.1)
HTTP/1.1 404 Not Found
Content-Length: 828
Content-Type: application/json; charset=utf-8
cache-control: no-cache

06:03:02.933 [AsyncHttpClient-1-2] DEBUG org.asynchttpclient.netty.channel.ChannelManager - Adding key: http://localhost:27420 for channel [id: 0xf9219739, L:/127.0.0.1:51463 - R:localhost/127.0.0.1:27420]
06:03:02.948 [Forwarding getCurrentUrl on session 2cf5151f26810885d723368074bec302 to remote] DEBUG org.asynchttpclient.netty.request.NettyRequestSender - Using pooled Channel '[id: 0xf9219739, L:/127.0.0.1:51463 - R:localhost/127.0.0.1:27420]' for 'GET' to 'http://localhost:27420/session/2cf5151f26810885d723368074bec302/url'
06:03:02.948 [Forwarding getCurrentUrl on session 2cf5151f26810885d723368074bec302 to remote] DEBUG org.asynchttpclient.netty.request.NettyRequestSender - Using open Channel [id: 0xf9219739, L:/127.0.0.1:51463 - R:localhost/127.0.0.1:27420] for GET '/session/2cf5151f26810885d723368074bec302/url'
06:03:02.963 [AsyncHttpClient-1-2] DEBUG org.asynchttpclient.netty.handler.HttpHandler - 

Request DefaultFullHttpRequest(decodeResult: success, version: HTTP/1.1, content: EmptyByteBufBE)
GET /session/2cf5151f26810885d723368074bec302/url HTTP/1.1
User-Agent: selenium/4.8.1 (java windows)
Cache-Control: no-cache
Content-Type: application/json; charset=utf-8
host: localhost:27420
accept: */*

Response DefaultHttpResponse(decodeResult: success, version: HTTP/1.1)
HTTP/1.1 200 OK
Content-Length: 51
Content-Type: application/json; charset=utf-8
cache-control: no-cache

06:03:02.964 [AsyncHttpClient-1-2] DEBUG org.asynchttpclient.netty.channel.ChannelManager - Adding key: http://localhost:27420 for channel [id: 0xf9219739, L:/127.0.0.1:51463 - R:localhost/127.0.0.1:27420]
06:03:02.974 [Forwarding screenshot on session 2cf5151f26810885d723368074bec302 to remote] DEBUG org.asynchttpclient.netty.request.NettyRequestSender - Using pooled Channel '[id: 0xf9219739, L:/127.0.0.1:51463 - R:localhost/127.0.0.1:27420]' for 'GET' to 'http://localhost:27420/session/2cf5151f26810885d723368074bec302/screenshot'
06:03:02.974 [Forwarding screenshot on session 2cf5151f26810885d723368074bec302 to remote] DEBUG org.asynchttpclient.netty.request.NettyRequestSender - Using open Channel [id: 0xf9219739, L:/127.0.0.1:51463 - R:localhost/127.0.0.1:27420] for GET '/session/2cf5151f26810885d723368074bec302/screenshot'
06:03:03.245 [AsyncHttpClient-1-2] DEBUG org.asynchttpclient.netty.handler.HttpHandler - 

Request DefaultFullHttpRequest(decodeResult: success, version: HTTP/1.1, content: EmptyByteBufBE)
GET /session/2cf5151f26810885d723368074bec302/screenshot HTTP/1.1
User-Agent: selenium/4.8.1 (java windows)
Cache-Control: no-cache
Content-Type: application/json; charset=utf-8
host: localhost:27420
accept: */*

Response DefaultHttpResponse(decodeResult: success, version: HTTP/1.1)
HTTP/1.1 200 OK
Content-Length: 137360
Content-Type: application/json; charset=utf-8
cache-control: no-cache

06:03:03.251 [AsyncHttpClient-1-2] DEBUG org.asynchttpclient.netty.channel.ChannelManager - Adding key: http://localhost:27420 for channel [id: 0xf9219739, L:/127.0.0.1:51463 - R:localhost/127.0.0.1:27420]
06:03:03.414 [AsyncHttpClient-1-1] DEBUG org.asynchttpclient.netty.channel.DefaultChannelPool - Entry count for : http://localhost:27420 : 1
06:03:03.415 [AsyncHttpClient-1-1] DEBUG org.asynchttpclient.netty.channel.DefaultChannelPool - Entry count for : http://localhost:51465 : 1
06:03:03.456 [main] DEBUG net.serenitybdd.core.photography.Darkroom - Send negative for processing for target\site\serenity\59959dd2953e44cf82950644ef97b7f44e2ae1c5eb39fc1fc4b33334f9f7ca2e.png
06:03:03.458 [Darkroom Processing Line] DEBUG net.serenitybdd.core.photography.DarkroomProcessingLine - Processing screenshot image in /var/screenshots/screenshot-14373468160299024028
06:03:03.458 [Darkroom Processing Line] DEBUG net.serenitybdd.core.photography.DarkroomProcessingLine - Saving screenshot to target\site\serenity\59959dd2953e44cf82950644ef97b7f44e2ae1c5eb39fc1fc4b33334f9f7ca2e.png
06:03:03.496 [Forwarding getPageSource on session 2cf5151f26810885d723368074bec302 to remote] DEBUG org.asynchttpclient.netty.request.NettyRequestSender - Using pooled Channel '[id: 0xf9219739, L:/127.0.0.1:51463 - R:localhost/127.0.0.1:27420]' for 'POST' to 'http://localhost:27420/session/2cf5151f26810885d723368074bec302/execute/sync'
06:03:03.496 [Forwarding getPageSource on session 2cf5151f26810885d723368074bec302 to remote] DEBUG org.asynchttpclient.netty.request.NettyRequestSender - Using open Channel [id: 0xf9219739, L:/127.0.0.1:51463 - R:localhost/127.0.0.1:27420] for POST '/session/2cf5151f26810885d723368074bec302/execute/sync'
06:03:03.513 [AsyncHttpClient-1-2] DEBUG org.asynchttpclient.netty.handler.HttpHandler - 

Request DefaultHttpRequest(decodeResult: success, version: HTTP/1.1)
POST /session/2cf5151f26810885d723368074bec302/execute/sync HTTP/1.1
User-Agent: selenium/4.8.1 (java windows)
Content-Length: 176
Content-Type: application/json; charset=utf-8
host: localhost:27420
accept: */*

Response DefaultHttpResponse(decodeResult: success, version: HTTP/1.1)
HTTP/1.1 200 OK
Content-Length: 2008
Content-Type: application/json; charset=utf-8
cache-control: no-cache

06:03:03.513 [AsyncHttpClient-1-2] DEBUG org.asynchttpclient.netty.channel.ChannelManager - Adding key: http://localhost:27420 for channel [id: 0xf9219739, L:/127.0.0.1:51463 - R:localhost/127.0.0.1:27420]
06:03:03.746 [Forwarding getCurrentUrl on session 2cf5151f26810885d723368074bec302 to remote] DEBUG org.asynchttpclient.netty.request.NettyRequestSender - Using pooled Channel '[id: 0xf9219739, L:/127.0.0.1:51463 - R:localhost/127.0.0.1:27420]' for 'GET' to 'http://localhost:27420/session/2cf5151f26810885d723368074bec302/url'
06:03:03.747 [Forwarding getCurrentUrl on session 2cf5151f26810885d723368074bec302 to remote] DEBUG org.asynchttpclient.netty.request.NettyRequestSender - Using open Channel [id: 0xf9219739, L:/127.0.0.1:51463 - R:localhost/127.0.0.1:27420] for GET '/session/2cf5151f26810885d723368074bec302/url'
06:03:03.759 [AsyncHttpClient-1-2] DEBUG org.asynchttpclient.netty.handler.HttpHandler - 

Request DefaultFullHttpRequest(decodeResult: success, version: HTTP/1.1, content: EmptyByteBufBE)
GET /session/2cf5151f26810885d723368074bec302/url HTTP/1.1
User-Agent: selenium/4.8.1 (java windows)
Cache-Control: no-cache
Content-Type: application/json; charset=utf-8
host: localhost:27420
accept: */*

Response DefaultHttpResponse(decodeResult: success, version: HTTP/1.1)
HTTP/1.1 200 OK
Content-Length: 51
Content-Type: application/json; charset=utf-8
cache-control: no-cache

06:03:03.760 [AsyncHttpClient-1-2] DEBUG org.asynchttpclient.netty.channel.ChannelManager - Adding key: http://localhost:27420 for channel [id: 0xf9219739, L:/127.0.0.1:51463 - R:localhost/127.0.0.1:27420]
06:03:03.823 [Forwarding getAlertText on session 2cf5151f26810885d723368074bec302 to remote] DEBUG org.asynchttpclient.netty.request.NettyRequestSender - Using pooled Channel '[id: 0xf9219739, L:/127.0.0.1:51463 - R:localhost/127.0.0.1:27420]' for 'GET' to 'http://localhost:27420/session/2cf5151f26810885d723368074bec302/alert/text'
06:03:03.824 [Forwarding getAlertText on session 2cf5151f26810885d723368074bec302 to remote] DEBUG org.asynchttpclient.netty.request.NettyRequestSender - Using open Channel [id: 0xf9219739, L:/127.0.0.1:51463 - R:localhost/127.0.0.1:27420] for GET '/session/2cf5151f26810885d723368074bec302/alert/text'
06:03:03.829 [AsyncHttpClient-1-2] DEBUG org.asynchttpclient.netty.handler.HttpHandler - 

Request DefaultFullHttpRequest(decodeResult: success, version: HTTP/1.1, content: EmptyByteBufBE)
GET /session/2cf5151f26810885d723368074bec302/alert/text HTTP/1.1
User-Agent: selenium/4.8.1 (java windows)
Cache-Control: no-cache
Content-Type: application/json; charset=utf-8
host: localhost:27420
accept: */*

Response DefaultHttpResponse(decodeResult: success, version: HTTP/1.1)
HTTP/1.1 404 Not Found
Content-Length: 828
Content-Type: application/json; charset=utf-8
cache-control: no-cache

06:03:03.829 [AsyncHttpClient-1-2] DEBUG org.asynchttpclient.netty.channel.ChannelManager - Adding key: http://localhost:27420 for channel [id: 0xf9219739, L:/127.0.0.1:51463 - R:localhost/127.0.0.1:27420]
06:03:03.837 [Forwarding getCurrentUrl on session 2cf5151f26810885d723368074bec302 to remote] DEBUG org.asynchttpclient.netty.request.NettyRequestSender - Using pooled Channel '[id: 0xf9219739, L:/127.0.0.1:51463 - R:localhost/127.0.0.1:27420]' for 'GET' to 'http://localhost:27420/session/2cf5151f26810885d723368074bec302/url'
06:03:03.837 [Forwarding getCurrentUrl on session 2cf5151f26810885d723368074bec302 to remote] DEBUG org.asynchttpclient.netty.request.NettyRequestSender - Using open Channel [id: 0xf9219739, L:/127.0.0.1:51463 - R:localhost/127.0.0.1:27420] for GET '/session/2cf5151f26810885d723368074bec302/url'
06:03:03.850 [AsyncHttpClient-1-2] DEBUG org.asynchttpclient.netty.handler.HttpHandler - 

Request DefaultFullHttpRequest(decodeResult: success, version: HTTP/1.1, content: EmptyByteBufBE)
GET /session/2cf5151f26810885d723368074bec302/url HTTP/1.1
User-Agent: selenium/4.8.1 (java windows)
Cache-Control: no-cache
Content-Type: application/json; charset=utf-8
host: localhost:27420
accept: */*

Response DefaultHttpResponse(decodeResult: success, version: HTTP/1.1)
HTTP/1.1 200 OK
Content-Length: 51
Content-Type: application/json; charset=utf-8
cache-control: no-cache

06:03:03.851 [AsyncHttpClient-1-2] DEBUG org.asynchttpclient.netty.channel.ChannelManager - Adding key: http://localhost:27420 for channel [id: 0xf9219739, L:/127.0.0.1:51463 - R:localhost/127.0.0.1:27420]
06:03:03.854 [Forwarding screenshot on session 2cf5151f26810885d723368074bec302 to remote] DEBUG org.asynchttpclient.netty.request.NettyRequestSender - Using pooled Channel '[id: 0xf9219739, L:/127.0.0.1:51463 - R:localhost/127.0.0.1:27420]' for 'GET' to 'http://localhost:27420/session/2cf5151f26810885d723368074bec302/screenshot'
06:03:03.854 [Forwarding screenshot on session 2cf5151f26810885d723368074bec302 to remote] DEBUG org.asynchttpclient.netty.request.NettyRequestSender - Using open Channel [id: 0xf9219739, L:/127.0.0.1:51463 - R:localhost/127.0.0.1:27420] for GET '/session/2cf5151f26810885d723368074bec302/screenshot'
06:03:04.132 [AsyncHttpClient-1-2] DEBUG org.asynchttpclient.netty.handler.HttpHandler - 

Request DefaultFullHttpRequest(decodeResult: success, version: HTTP/1.1, content: EmptyByteBufBE)
GET /session/2cf5151f26810885d723368074bec302/screenshot HTTP/1.1
User-Agent: selenium/4.8.1 (java windows)
Cache-Control: no-cache
Content-Type: application/json; charset=utf-8
host: localhost:27420
accept: */*

Response DefaultHttpResponse(decodeResult: success, version: HTTP/1.1)
HTTP/1.1 200 OK
Content-Length: 137360
Content-Type: application/json; charset=utf-8
cache-control: no-cache

06:03:04.137 [AsyncHttpClient-1-2] DEBUG org.asynchttpclient.netty.channel.ChannelManager - Adding key: http://localhost:27420 for channel [id: 0xf9219739, L:/127.0.0.1:51463 - R:localhost/127.0.0.1:27420]
06:03:04.175 [main] DEBUG net.serenitybdd.core.photography.Darkroom - Send negative for processing for target\site\serenity\59959dd2953e44cf82950644ef97b7f44e2ae1c5eb39fc1fc4b33334f9f7ca2e.png
06:03:04.184 [Forwarding getPageSource on session 2cf5151f26810885d723368074bec302 to remote] DEBUG org.asynchttpclient.netty.request.NettyRequestSender - Using pooled Channel '[id: 0xf9219739, L:/127.0.0.1:51463 - R:localhost/127.0.0.1:27420]' for 'POST' to 'http://localhost:27420/session/2cf5151f26810885d723368074bec302/execute/sync'
06:03:04.185 [Forwarding getPageSource on session 2cf5151f26810885d723368074bec302 to remote] DEBUG org.asynchttpclient.netty.request.NettyRequestSender - Using open Channel [id: 0xf9219739, L:/127.0.0.1:51463 - R:localhost/127.0.0.1:27420] for POST '/session/2cf5151f26810885d723368074bec302/execute/sync'
06:03:04.221 [AsyncHttpClient-1-2] DEBUG org.asynchttpclient.netty.handler.HttpHandler - 

Request DefaultHttpRequest(decodeResult: success, version: HTTP/1.1)
POST /session/2cf5151f26810885d723368074bec302/execute/sync HTTP/1.1
User-Agent: selenium/4.8.1 (java windows)
Content-Length: 176
Content-Type: application/json; charset=utf-8
host: localhost:27420
accept: */*

Response DefaultHttpResponse(decodeResult: success, version: HTTP/1.1)
HTTP/1.1 200 OK
Content-Length: 2008
Content-Type: application/json; charset=utf-8
cache-control: no-cache

06:03:04.222 [AsyncHttpClient-1-2] DEBUG org.asynchttpclient.netty.channel.ChannelManager - Adding key: http://localhost:27420 for channel [id: 0xf9219739, L:/127.0.0.1:51463 - R:localhost/127.0.0.1:27420]
06:03:04.233 [Forwarding getCurrentUrl on session 2cf5151f26810885d723368074bec302 to remote] DEBUG org.asynchttpclient.netty.request.NettyRequestSender - Using pooled Channel '[id: 0xf9219739, L:/127.0.0.1:51463 - R:localhost/127.0.0.1:27420]' for 'GET' to 'http://localhost:27420/session/2cf5151f26810885d723368074bec302/url'
06:03:04.234 [Forwarding getCurrentUrl on session 2cf5151f26810885d723368074bec302 to remote] DEBUG org.asynchttpclient.netty.request.NettyRequestSender - Using open Channel [id: 0xf9219739, L:/127.0.0.1:51463 - R:localhost/127.0.0.1:27420] for GET '/session/2cf5151f26810885d723368074bec302/url'
06:03:04.248 [AsyncHttpClient-1-2] DEBUG org.asynchttpclient.netty.handler.HttpHandler - 

Request DefaultFullHttpRequest(decodeResult: success, version: HTTP/1.1, content: EmptyByteBufBE)
GET /session/2cf5151f26810885d723368074bec302/url HTTP/1.1
User-Agent: selenium/4.8.1 (java windows)
Cache-Control: no-cache
Content-Type: application/json; charset=utf-8
host: localhost:27420
accept: */*

Response DefaultHttpResponse(decodeResult: success, version: HTTP/1.1)
HTTP/1.1 200 OK
Content-Length: 51
Content-Type: application/json; charset=utf-8
cache-control: no-cache

06:03:04.249 [AsyncHttpClient-1-2] DEBUG org.asynchttpclient.netty.channel.ChannelManager - Adding key: http://localhost:27420 for channel [id: 0xf9219739, L:/127.0.0.1:51463 - R:localhost/127.0.0.1:27420]
06:03:04.257 [main] DEBUG net.thucydides.core.steps.StepInterceptor - STARTING STEP: LoginSteps.clickGetIntoTheDashboardButton - clickIntoTheDashboard
06:03:04.298 [Forwarding findElement on session 2cf5151f26810885d723368074bec302 to remote] DEBUG org.asynchttpclient.netty.request.NettyRequestSender - Using pooled Channel '[id: 0xf9219739, L:/127.0.0.1:51463 - R:localhost/127.0.0.1:27420]' for 'POST' to 'http://localhost:27420/session/2cf5151f26810885d723368074bec302/element'
06:03:04.299 [Forwarding findElement on session 2cf5151f26810885d723368074bec302 to remote] DEBUG org.asynchttpclient.netty.request.NettyRequestSender - Using open Channel [id: 0xf9219739, L:/127.0.0.1:51463 - R:localhost/127.0.0.1:27420] for POST '/session/2cf5151f26810885d723368074bec302/element'
06:03:04.336 [AsyncHttpClient-1-2] DEBUG org.asynchttpclient.netty.handler.HttpHandler - 

Request DefaultHttpRequest(decodeResult: success, version: HTTP/1.1)
POST /session/2cf5151f26810885d723368074bec302/element HTTP/1.1
User-Agent: selenium/4.8.1 (java windows)
Content-Length: 266
Content-Type: application/json; charset=utf-8
host: localhost:27420
accept: */*

Response DefaultHttpResponse(decodeResult: success, version: HTTP/1.1)
HTTP/1.1 200 OK
Content-Length: 94
Content-Type: application/json; charset=utf-8
cache-control: no-cache

06:03:04.337 [AsyncHttpClient-1-2] DEBUG org.asynchttpclient.netty.channel.ChannelManager - Adding key: http://localhost:27420 for channel [id: 0xf9219739, L:/127.0.0.1:51463 - R:localhost/127.0.0.1:27420]
06:03:04.346 [Forwarding getElementTagName on session 2cf5151f26810885d723368074bec302 to remote] DEBUG org.asynchttpclient.netty.request.NettyRequestSender - Using pooled Channel '[id: 0xf9219739, L:/127.0.0.1:51463 - R:localhost/127.0.0.1:27420]' for 'GET' to 'http://localhost:27420/session/2cf5151f26810885d723368074bec302/element/55F4A78BF08480C0A78762C2798D34E1_element_5/name'
06:03:04.346 [Forwarding getElementTagName on session 2cf5151f26810885d723368074bec302 to remote] DEBUG org.asynchttpclient.netty.request.NettyRequestSender - Using open Channel [id: 0xf9219739, L:/127.0.0.1:51463 - R:localhost/127.0.0.1:27420] for GET '/session/2cf5151f26810885d723368074bec302/element/55F4A78BF08480C0A78762C2798D34E1_element_5/name'
06:03:04.359 [AsyncHttpClient-1-2] DEBUG org.asynchttpclient.netty.handler.HttpHandler - 

Request DefaultFullHttpRequest(decodeResult: success, version: HTTP/1.1, content: EmptyByteBufBE)
GET /session/2cf5151f26810885d723368074bec302/element/55F4A78BF08480C0A78762C2798D34E1_element_5/name HTTP/1.1
User-Agent: selenium/4.8.1 (java windows)
Cache-Control: no-cache
Content-Type: application/json; charset=utf-8
host: localhost:27420
accept: */*

Response DefaultHttpResponse(decodeResult: success, version: HTTP/1.1)
HTTP/1.1 200 OK
Content-Length: 18
Content-Type: application/json; charset=utf-8
cache-control: no-cache

06:03:04.359 [AsyncHttpClient-1-2] DEBUG org.asynchttpclient.netty.channel.ChannelManager - Adding key: http://localhost:27420 for channel [id: 0xf9219739, L:/127.0.0.1:51463 - R:localhost/127.0.0.1:27420]
06:03:04.365 [Forwarding getElementTagName on session 2cf5151f26810885d723368074bec302 to remote] DEBUG org.asynchttpclient.netty.request.NettyRequestSender - Using pooled Channel '[id: 0xf9219739, L:/127.0.0.1:51463 - R:localhost/127.0.0.1:27420]' for 'GET' to 'http://localhost:27420/session/2cf5151f26810885d723368074bec302/element/55F4A78BF08480C0A78762C2798D34E1_element_5/name'
06:03:04.366 [Forwarding getElementTagName on session 2cf5151f26810885d723368074bec302 to remote] DEBUG org.asynchttpclient.netty.request.NettyRequestSender - Using open Channel [id: 0xf9219739, L:/127.0.0.1:51463 - R:localhost/127.0.0.1:27420] for GET '/session/2cf5151f26810885d723368074bec302/element/55F4A78BF08480C0A78762C2798D34E1_element_5/name'
06:03:04.378 [AsyncHttpClient-1-2] DEBUG org.asynchttpclient.netty.handler.HttpHandler - 

Request DefaultFullHttpRequest(decodeResult: success, version: HTTP/1.1, content: EmptyByteBufBE)
GET /session/2cf5151f26810885d723368074bec302/element/55F4A78BF08480C0A78762C2798D34E1_element_5/name HTTP/1.1
User-Agent: selenium/4.8.1 (java windows)
Cache-Control: no-cache
Content-Type: application/json; charset=utf-8
host: localhost:27420
accept: */*

Response DefaultHttpResponse(decodeResult: success, version: HTTP/1.1)
HTTP/1.1 200 OK
Content-Length: 18
Content-Type: application/json; charset=utf-8
cache-control: no-cache

06:03:04.379 [AsyncHttpClient-1-2] DEBUG org.asynchttpclient.netty.channel.ChannelManager - Adding key: http://localhost:27420 for channel [id: 0xf9219739, L:/127.0.0.1:51463 - R:localhost/127.0.0.1:27420]
06:03:04.394 [Forwarding isElementEnabled on session 2cf5151f26810885d723368074bec302 to remote] DEBUG org.asynchttpclient.netty.request.NettyRequestSender - Using pooled Channel '[id: 0xf9219739, L:/127.0.0.1:51463 - R:localhost/127.0.0.1:27420]' for 'GET' to 'http://localhost:27420/session/2cf5151f26810885d723368074bec302/element/55F4A78BF08480C0A78762C2798D34E1_element_5/enabled'
06:03:04.394 [Forwarding isElementEnabled on session 2cf5151f26810885d723368074bec302 to remote] DEBUG org.asynchttpclient.netty.request.NettyRequestSender - Using open Channel [id: 0xf9219739, L:/127.0.0.1:51463 - R:localhost/127.0.0.1:27420] for GET '/session/2cf5151f26810885d723368074bec302/element/55F4A78BF08480C0A78762C2798D34E1_element_5/enabled'
06:03:04.421 [AsyncHttpClient-1-2] DEBUG org.asynchttpclient.netty.handler.HttpHandler - 

Request DefaultFullHttpRequest(decodeResult: success, version: HTTP/1.1, content: EmptyByteBufBE)
GET /session/2cf5151f26810885d723368074bec302/element/55F4A78BF08480C0A78762C2798D34E1_element_5/enabled HTTP/1.1
User-Agent: selenium/4.8.1 (java windows)
Cache-Control: no-cache
Content-Type: application/json; charset=utf-8
host: localhost:27420
accept: */*

Response DefaultHttpResponse(decodeResult: success, version: HTTP/1.1)
HTTP/1.1 200 OK
Content-Length: 14
Content-Type: application/json; charset=utf-8
cache-control: no-cache

06:03:04.422 [AsyncHttpClient-1-2] DEBUG org.asynchttpclient.netty.channel.ChannelManager - Adding key: http://localhost:27420 for channel [id: 0xf9219739, L:/127.0.0.1:51463 - R:localhost/127.0.0.1:27420]
06:03:04.427 [Forwarding isElementEnabled on session 2cf5151f26810885d723368074bec302 to remote] DEBUG org.asynchttpclient.netty.request.NettyRequestSender - Using pooled Channel '[id: 0xf9219739, L:/127.0.0.1:51463 - R:localhost/127.0.0.1:27420]' for 'GET' to 'http://localhost:27420/session/2cf5151f26810885d723368074bec302/element/55F4A78BF08480C0A78762C2798D34E1_element_5/enabled'
06:03:04.427 [Forwarding isElementEnabled on session 2cf5151f26810885d723368074bec302 to remote] DEBUG org.asynchttpclient.netty.request.NettyRequestSender - Using open Channel [id: 0xf9219739, L:/127.0.0.1:51463 - R:localhost/127.0.0.1:27420] for GET '/session/2cf5151f26810885d723368074bec302/element/55F4A78BF08480C0A78762C2798D34E1_element_5/enabled'
06:03:04.443 [AsyncHttpClient-1-2] DEBUG org.asynchttpclient.netty.handler.HttpHandler - 

Request DefaultFullHttpRequest(decodeResult: success, version: HTTP/1.1, content: EmptyByteBufBE)
GET /session/2cf5151f26810885d723368074bec302/element/55F4A78BF08480C0A78762C2798D34E1_element_5/enabled HTTP/1.1
User-Agent: selenium/4.8.1 (java windows)
Cache-Control: no-cache
Content-Type: application/json; charset=utf-8
host: localhost:27420
accept: */*

Response DefaultHttpResponse(decodeResult: success, version: HTTP/1.1)
HTTP/1.1 200 OK
Content-Length: 14
Content-Type: application/json; charset=utf-8
cache-control: no-cache

06:03:04.444 [AsyncHttpClient-1-2] DEBUG org.asynchttpclient.netty.channel.ChannelManager - Adding key: http://localhost:27420 for channel [id: 0xf9219739, L:/127.0.0.1:51463 - R:localhost/127.0.0.1:27420]
06:03:04.455 [Forwarding findElement on session 2cf5151f26810885d723368074bec302 to remote] DEBUG org.asynchttpclient.netty.request.NettyRequestSender - Using pooled Channel '[id: 0xf9219739, L:/127.0.0.1:51463 - R:localhost/127.0.0.1:27420]' for 'POST' to 'http://localhost:27420/session/2cf5151f26810885d723368074bec302/element'
06:03:04.455 [Forwarding findElement on session 2cf5151f26810885d723368074bec302 to remote] DEBUG org.asynchttpclient.netty.request.NettyRequestSender - Using open Channel [id: 0xf9219739, L:/127.0.0.1:51463 - R:localhost/127.0.0.1:27420] for POST '/session/2cf5151f26810885d723368074bec302/element'
06:03:04.477 [AsyncHttpClient-1-2] DEBUG org.asynchttpclient.netty.handler.HttpHandler - 

Request DefaultHttpRequest(decodeResult: success, version: HTTP/1.1)
POST /session/2cf5151f26810885d723368074bec302/element HTTP/1.1
User-Agent: selenium/4.8.1 (java windows)
Content-Length: 266
Content-Type: application/json; charset=utf-8
host: localhost:27420
accept: */*

Response DefaultHttpResponse(decodeResult: success, version: HTTP/1.1)
HTTP/1.1 200 OK
Content-Length: 94
Content-Type: application/json; charset=utf-8
cache-control: no-cache

06:03:04.477 [AsyncHttpClient-1-2] DEBUG org.asynchttpclient.netty.channel.ChannelManager - Adding key: http://localhost:27420 for channel [id: 0xf9219739, L:/127.0.0.1:51463 - R:localhost/127.0.0.1:27420]
06:03:04.482 [Forwarding clickElement on session 2cf5151f26810885d723368074bec302 to remote] DEBUG org.asynchttpclient.netty.request.NettyRequestSender - Using pooled Channel '[id: 0xf9219739, L:/127.0.0.1:51463 - R:localhost/127.0.0.1:27420]' for 'POST' to 'http://localhost:27420/session/2cf5151f26810885d723368074bec302/element/55F4A78BF08480C0A78762C2798D34E1_element_5/click'
06:03:04.482 [Forwarding clickElement on session 2cf5151f26810885d723368074bec302 to remote] DEBUG org.asynchttpclient.netty.request.NettyRequestSender - Using open Channel [id: 0xf9219739, L:/127.0.0.1:51463 - R:localhost/127.0.0.1:27420] for POST '/session/2cf5151f26810885d723368074bec302/element/55F4A78BF08480C0A78762C2798D34E1_element_5/click'
06:03:04.512 [AsyncHttpClient-1-1] DEBUG org.asynchttpclient.netty.channel.DefaultChannelPool - Entry count for : http://localhost:51465 : 1
06:03:04.656 [AsyncHttpClient-1-2] DEBUG org.asynchttpclient.netty.handler.HttpHandler - 

Request DefaultHttpRequest(decodeResult: success, version: HTTP/1.1)
POST /session/2cf5151f26810885d723368074bec302/element/55F4A78BF08480C0A78762C2798D34E1_element_5/click HTTP/1.1
User-Agent: selenium/4.8.1 (java windows)
Content-Length: 56
Content-Type: application/json; charset=utf-8
host: localhost:27420
accept: */*

Response DefaultHttpResponse(decodeResult: success, version: HTTP/1.1)
HTTP/1.1 200 OK
Content-Length: 14
Content-Type: application/json; charset=utf-8
cache-control: no-cache

06:03:04.657 [AsyncHttpClient-1-2] DEBUG org.asynchttpclient.netty.channel.ChannelManager - Adding key: http://localhost:27420 for channel [id: 0xf9219739, L:/127.0.0.1:51463 - R:localhost/127.0.0.1:27420]
06:03:04.686 [Forwarding getAlertText on session 2cf5151f26810885d723368074bec302 to remote] DEBUG org.asynchttpclient.netty.request.NettyRequestSender - Using pooled Channel '[id: 0xf9219739, L:/127.0.0.1:51463 - R:localhost/127.0.0.1:27420]' for 'GET' to 'http://localhost:27420/session/2cf5151f26810885d723368074bec302/alert/text'
06:03:04.687 [Forwarding getAlertText on session 2cf5151f26810885d723368074bec302 to remote] DEBUG org.asynchttpclient.netty.request.NettyRequestSender - Using open Channel [id: 0xf9219739, L:/127.0.0.1:51463 - R:localhost/127.0.0.1:27420] for GET '/session/2cf5151f26810885d723368074bec302/alert/text'
06:03:04.692 [AsyncHttpClient-1-2] DEBUG org.asynchttpclient.netty.handler.HttpHandler - 

Request DefaultFullHttpRequest(decodeResult: success, version: HTTP/1.1, content: EmptyByteBufBE)
GET /session/2cf5151f26810885d723368074bec302/alert/text HTTP/1.1
User-Agent: selenium/4.8.1 (java windows)
Cache-Control: no-cache
Content-Type: application/json; charset=utf-8
host: localhost:27420
accept: */*

Response DefaultHttpResponse(decodeResult: success, version: HTTP/1.1)
HTTP/1.1 404 Not Found
Content-Length: 828
Content-Type: application/json; charset=utf-8
cache-control: no-cache

06:03:04.693 [AsyncHttpClient-1-2] DEBUG org.asynchttpclient.netty.channel.ChannelManager - Adding key: http://localhost:27420 for channel [id: 0xf9219739, L:/127.0.0.1:51463 - R:localhost/127.0.0.1:27420]
06:03:04.699 [Forwarding getCurrentUrl on session 2cf5151f26810885d723368074bec302 to remote] DEBUG org.asynchttpclient.netty.request.NettyRequestSender - Using pooled Channel '[id: 0xf9219739, L:/127.0.0.1:51463 - R:localhost/127.0.0.1:27420]' for 'GET' to 'http://localhost:27420/session/2cf5151f26810885d723368074bec302/url'
06:03:04.699 [Forwarding getCurrentUrl on session 2cf5151f26810885d723368074bec302 to remote] DEBUG org.asynchttpclient.netty.request.NettyRequestSender - Using open Channel [id: 0xf9219739, L:/127.0.0.1:51463 - R:localhost/127.0.0.1:27420] for GET '/session/2cf5151f26810885d723368074bec302/url'
06:03:04.713 [AsyncHttpClient-1-2] DEBUG org.asynchttpclient.netty.handler.HttpHandler - 

Request DefaultFullHttpRequest(decodeResult: success, version: HTTP/1.1, content: EmptyByteBufBE)
GET /session/2cf5151f26810885d723368074bec302/url HTTP/1.1
User-Agent: selenium/4.8.1 (java windows)
Cache-Control: no-cache
Content-Type: application/json; charset=utf-8
host: localhost:27420
accept: */*

Response DefaultHttpResponse(decodeResult: success, version: HTTP/1.1)
HTTP/1.1 200 OK
Content-Length: 56
Content-Type: application/json; charset=utf-8
cache-control: no-cache

06:03:04.714 [AsyncHttpClient-1-2] DEBUG org.asynchttpclient.netty.channel.ChannelManager - Adding key: http://localhost:27420 for channel [id: 0xf9219739, L:/127.0.0.1:51463 - R:localhost/127.0.0.1:27420]
06:03:04.717 [Forwarding screenshot on session 2cf5151f26810885d723368074bec302 to remote] DEBUG org.asynchttpclient.netty.request.NettyRequestSender - Using pooled Channel '[id: 0xf9219739, L:/127.0.0.1:51463 - R:localhost/127.0.0.1:27420]' for 'GET' to 'http://localhost:27420/session/2cf5151f26810885d723368074bec302/screenshot'
06:03:04.717 [Forwarding screenshot on session 2cf5151f26810885d723368074bec302 to remote] DEBUG org.asynchttpclient.netty.request.NettyRequestSender - Using open Channel [id: 0xf9219739, L:/127.0.0.1:51463 - R:localhost/127.0.0.1:27420] for GET '/session/2cf5151f26810885d723368074bec302/screenshot'
06:03:04.980 [AsyncHttpClient-1-2] DEBUG org.asynchttpclient.netty.handler.HttpHandler - 

Request DefaultFullHttpRequest(decodeResult: success, version: HTTP/1.1, content: EmptyByteBufBE)
GET /session/2cf5151f26810885d723368074bec302/screenshot HTTP/1.1
User-Agent: selenium/4.8.1 (java windows)
Cache-Control: no-cache
Content-Type: application/json; charset=utf-8
host: localhost:27420
accept: */*

Response DefaultHttpResponse(decodeResult: success, version: HTTP/1.1)
HTTP/1.1 200 OK
Content-Length: 115920
Content-Type: application/json; charset=utf-8
cache-control: no-cache

06:03:04.983 [AsyncHttpClient-1-2] DEBUG org.asynchttpclient.netty.channel.ChannelManager - Adding key: http://localhost:27420 for channel [id: 0xf9219739, L:/127.0.0.1:51463 - R:localhost/127.0.0.1:27420]
06:03:04.992 [main] DEBUG net.serenitybdd.core.photography.Darkroom - Send negative for processing for target\site\serenity\17b761db86950adf452c33ac0c5826e70494a35b1202adb5e49aa124d82ed99d.png
06:03:04.993 [Darkroom Processing Line] DEBUG net.serenitybdd.core.photography.DarkroomProcessingLine - Processing screenshot image in /var/screenshots/screenshot-8683098427453790538
06:03:04.993 [Darkroom Processing Line] DEBUG net.serenitybdd.core.photography.DarkroomProcessingLine - Saving screenshot to target\site\serenity\17b761db86950adf452c33ac0c5826e70494a35b1202adb5e49aa124d82ed99d.png
06:03:04.999 [Forwarding getPageSource on session 2cf5151f26810885d723368074bec302 to remote] DEBUG org.asynchttpclient.netty.request.NettyRequestSender - Using pooled Channel '[id: 0xf9219739, L:/127.0.0.1:51463 - R:localhost/127.0.0.1:27420]' for 'POST' to 'http://localhost:27420/session/2cf5151f26810885d723368074bec302/execute/sync'
06:03:04.999 [Forwarding getPageSource on session 2cf5151f26810885d723368074bec302 to remote] DEBUG org.asynchttpclient.netty.request.NettyRequestSender - Using open Channel [id: 0xf9219739, L:/127.0.0.1:51463 - R:localhost/127.0.0.1:27420] for POST '/session/2cf5151f26810885d723368074bec302/execute/sync'
06:03:05.014 [AsyncHttpClient-1-2] DEBUG org.asynchttpclient.netty.handler.HttpHandler - 

Request DefaultHttpRequest(decodeResult: success, version: HTTP/1.1)
POST /session/2cf5151f26810885d723368074bec302/execute/sync HTTP/1.1
User-Agent: selenium/4.8.1 (java windows)
Content-Length: 176
Content-Type: application/json; charset=utf-8
host: localhost:27420
accept: */*

Response DefaultHttpResponse(decodeResult: success, version: HTTP/1.1)
HTTP/1.1 200 OK
Content-Length: 3427
Content-Type: application/json; charset=utf-8
cache-control: no-cache

06:03:05.015 [AsyncHttpClient-1-2] DEBUG org.asynchttpclient.netty.channel.ChannelManager - Adding key: http://localhost:27420 for channel [id: 0xf9219739, L:/127.0.0.1:51463 - R:localhost/127.0.0.1:27420]
06:03:05.029 [Forwarding getCurrentUrl on session 2cf5151f26810885d723368074bec302 to remote] DEBUG org.asynchttpclient.netty.request.NettyRequestSender - Using pooled Channel '[id: 0xf9219739, L:/127.0.0.1:51463 - R:localhost/127.0.0.1:27420]' for 'GET' to 'http://localhost:27420/session/2cf5151f26810885d723368074bec302/url'
06:03:05.029 [Forwarding getCurrentUrl on session 2cf5151f26810885d723368074bec302 to remote] DEBUG org.asynchttpclient.netty.request.NettyRequestSender - Using open Channel [id: 0xf9219739, L:/127.0.0.1:51463 - R:localhost/127.0.0.1:27420] for GET '/session/2cf5151f26810885d723368074bec302/url'
06:03:05.042 [AsyncHttpClient-1-2] DEBUG org.asynchttpclient.netty.handler.HttpHandler - 

Request DefaultFullHttpRequest(decodeResult: success, version: HTTP/1.1, content: EmptyByteBufBE)
GET /session/2cf5151f26810885d723368074bec302/url HTTP/1.1
User-Agent: selenium/4.8.1 (java windows)
Cache-Control: no-cache
Content-Type: application/json; charset=utf-8
host: localhost:27420
accept: */*

Response DefaultHttpResponse(decodeResult: success, version: HTTP/1.1)
HTTP/1.1 200 OK
Content-Length: 56
Content-Type: application/json; charset=utf-8
cache-control: no-cache

06:03:05.043 [AsyncHttpClient-1-2] DEBUG org.asynchttpclient.netty.channel.ChannelManager - Adding key: http://localhost:27420 for channel [id: 0xf9219739, L:/127.0.0.1:51463 - R:localhost/127.0.0.1:27420]
06:03:05.063 [Forwarding getAlertText on session 2cf5151f26810885d723368074bec302 to remote] DEBUG org.asynchttpclient.netty.request.NettyRequestSender - Using pooled Channel '[id: 0xf9219739, L:/127.0.0.1:51463 - R:localhost/127.0.0.1:27420]' for 'GET' to 'http://localhost:27420/session/2cf5151f26810885d723368074bec302/alert/text'
06:03:05.064 [Forwarding getAlertText on session 2cf5151f26810885d723368074bec302 to remote] DEBUG org.asynchttpclient.netty.request.NettyRequestSender - Using open Channel [id: 0xf9219739, L:/127.0.0.1:51463 - R:localhost/127.0.0.1:27420] for GET '/session/2cf5151f26810885d723368074bec302/alert/text'
06:03:05.068 [AsyncHttpClient-1-2] DEBUG org.asynchttpclient.netty.handler.HttpHandler - 

Request DefaultFullHttpRequest(decodeResult: success, version: HTTP/1.1, content: EmptyByteBufBE)
GET /session/2cf5151f26810885d723368074bec302/alert/text HTTP/1.1
User-Agent: selenium/4.8.1 (java windows)
Cache-Control: no-cache
Content-Type: application/json; charset=utf-8
host: localhost:27420
accept: */*

Response DefaultHttpResponse(decodeResult: success, version: HTTP/1.1)
HTTP/1.1 404 Not Found
Content-Length: 828
Content-Type: application/json; charset=utf-8
cache-control: no-cache

06:03:05.069 [AsyncHttpClient-1-2] DEBUG org.asynchttpclient.netty.channel.ChannelManager - Adding key: http://localhost:27420 for channel [id: 0xf9219739, L:/127.0.0.1:51463 - R:localhost/127.0.0.1:27420]
06:03:05.075 [Forwarding getCurrentUrl on session 2cf5151f26810885d723368074bec302 to remote] DEBUG org.asynchttpclient.netty.request.NettyRequestSender - Using pooled Channel '[id: 0xf9219739, L:/127.0.0.1:51463 - R:localhost/127.0.0.1:27420]' for 'GET' to 'http://localhost:27420/session/2cf5151f26810885d723368074bec302/url'
06:03:05.075 [Forwarding getCurrentUrl on session 2cf5151f26810885d723368074bec302 to remote] DEBUG org.asynchttpclient.netty.request.NettyRequestSender - Using open Channel [id: 0xf9219739, L:/127.0.0.1:51463 - R:localhost/127.0.0.1:27420] for GET '/session/2cf5151f26810885d723368074bec302/url'
06:03:05.088 [AsyncHttpClient-1-2] DEBUG org.asynchttpclient.netty.handler.HttpHandler - 

Request DefaultFullHttpRequest(decodeResult: success, version: HTTP/1.1, content: EmptyByteBufBE)
GET /session/2cf5151f26810885d723368074bec302/url HTTP/1.1
User-Agent: selenium/4.8.1 (java windows)
Cache-Control: no-cache
Content-Type: application/json; charset=utf-8
host: localhost:27420
accept: */*

Response DefaultHttpResponse(decodeResult: success, version: HTTP/1.1)
HTTP/1.1 200 OK
Content-Length: 56
Content-Type: application/json; charset=utf-8
cache-control: no-cache

06:03:05.089 [AsyncHttpClient-1-2] DEBUG org.asynchttpclient.netty.channel.ChannelManager - Adding key: http://localhost:27420 for channel [id: 0xf9219739, L:/127.0.0.1:51463 - R:localhost/127.0.0.1:27420]
06:03:05.092 [Forwarding screenshot on session 2cf5151f26810885d723368074bec302 to remote] DEBUG org.asynchttpclient.netty.request.NettyRequestSender - Using pooled Channel '[id: 0xf9219739, L:/127.0.0.1:51463 - R:localhost/127.0.0.1:27420]' for 'GET' to 'http://localhost:27420/session/2cf5151f26810885d723368074bec302/screenshot'
06:03:05.093 [Forwarding screenshot on session 2cf5151f26810885d723368074bec302 to remote] DEBUG org.asynchttpclient.netty.request.NettyRequestSender - Using open Channel [id: 0xf9219739, L:/127.0.0.1:51463 - R:localhost/127.0.0.1:27420] for GET '/session/2cf5151f26810885d723368074bec302/screenshot'
06:03:05.364 [AsyncHttpClient-1-2] DEBUG org.asynchttpclient.netty.handler.HttpHandler - 

Request DefaultFullHttpRequest(decodeResult: success, version: HTTP/1.1, content: EmptyByteBufBE)
GET /session/2cf5151f26810885d723368074bec302/screenshot HTTP/1.1
User-Agent: selenium/4.8.1 (java windows)
Cache-Control: no-cache
Content-Type: application/json; charset=utf-8
host: localhost:27420
accept: */*

Response DefaultHttpResponse(decodeResult: success, version: HTTP/1.1)
HTTP/1.1 200 OK
Content-Length: 115920
Content-Type: application/json; charset=utf-8
cache-control: no-cache

06:03:05.367 [AsyncHttpClient-1-2] DEBUG org.asynchttpclient.netty.channel.ChannelManager - Adding key: http://localhost:27420 for channel [id: 0xf9219739, L:/127.0.0.1:51463 - R:localhost/127.0.0.1:27420]
06:03:05.377 [main] DEBUG net.serenitybdd.core.photography.Darkroom - Send negative for processing for target\site\serenity\17b761db86950adf452c33ac0c5826e70494a35b1202adb5e49aa124d82ed99d.png
06:03:05.378 [main] DEBUG net.thucydides.core.steps.StepInterceptor - STEP DONE: clickIntoTheDashboard
  &amp#27;[32mWhen &amp#27;[0m&amp#27;[32mI click get into the dashboard button&amp#27;[0m         &amp#27;[90m# starter.stepdefinitions.LoginSteps.clickGetIntoTheDashboardButton()&amp#27;[0m
06:03:05.429 [Forwarding getPageSource on session 2cf5151f26810885d723368074bec302 to remote] DEBUG org.asynchttpclient.netty.request.NettyRequestSender - Using pooled Channel '[id: 0xf9219739, L:/127.0.0.1:51463 - R:localhost/127.0.0.1:27420]' for 'POST' to 'http://localhost:27420/session/2cf5151f26810885d723368074bec302/execute/sync'
06:03:05.430 [Forwarding getPageSource on session 2cf5151f26810885d723368074bec302 to remote] DEBUG org.asynchttpclient.netty.request.NettyRequestSender - Using open Channel [id: 0xf9219739, L:/127.0.0.1:51463 - R:localhost/127.0.0.1:27420] for POST '/session/2cf5151f26810885d723368074bec302/execute/sync'
06:03:05.447 [AsyncHttpClient-1-2] DEBUG org.asynchttpclient.netty.handler.HttpHandler - 

Request DefaultHttpRequest(decodeResult: success, version: HTTP/1.1)
POST /session/2cf5151f26810885d723368074bec302/execute/sync HTTP/1.1
User-Agent: selenium/4.8.1 (java windows)
Content-Length: 176
Content-Type: application/json; charset=utf-8
host: localhost:27420
accept: */*

Response DefaultHttpResponse(decodeResult: success, version: HTTP/1.1)
HTTP/1.1 200 OK
Content-Length: 3427
Content-Type: application/json; charset=utf-8
cache-control: no-cache

06:03:05.448 [AsyncHttpClient-1-2] DEBUG org.asynchttpclient.netty.channel.ChannelManager - Adding key: http://localhost:27420 for channel [id: 0xf9219739, L:/127.0.0.1:51463 - R:localhost/127.0.0.1:27420]
06:03:05.457 [Forwarding getCurrentUrl on session 2cf5151f26810885d723368074bec302 to remote] DEBUG org.asynchttpclient.netty.request.NettyRequestSender - Using pooled Channel '[id: 0xf9219739, L:/127.0.0.1:51463 - R:localhost/127.0.0.1:27420]' for 'GET' to 'http://localhost:27420/session/2cf5151f26810885d723368074bec302/url'
06:03:05.458 [Forwarding getCurrentUrl on session 2cf5151f26810885d723368074bec302 to remote] DEBUG org.asynchttpclient.netty.request.NettyRequestSender - Using open Channel [id: 0xf9219739, L:/127.0.0.1:51463 - R:localhost/127.0.0.1:27420] for GET '/session/2cf5151f26810885d723368074bec302/url'
06:03:05.473 [AsyncHttpClient-1-2] DEBUG org.asynchttpclient.netty.handler.HttpHandler - 

Request DefaultFullHttpRequest(decodeResult: success, version: HTTP/1.1, content: EmptyByteBufBE)
GET /session/2cf5151f26810885d723368074bec302/url HTTP/1.1
User-Agent: selenium/4.8.1 (java windows)
Cache-Control: no-cache
Content-Type: application/json; charset=utf-8
host: localhost:27420
accept: */*

Response DefaultHttpResponse(decodeResult: success, version: HTTP/1.1)
HTTP/1.1 200 OK
Content-Length: 56
Content-Type: application/json; charset=utf-8
cache-control: no-cache

06:03:05.474 [AsyncHttpClient-1-2] DEBUG org.asynchttpclient.netty.channel.ChannelManager - Adding key: http://localhost:27420 for channel [id: 0xf9219739, L:/127.0.0.1:51463 - R:localhost/127.0.0.1:27420]
06:03:05.507 [Forwarding getAlertText on session 2cf5151f26810885d723368074bec302 to remote] DEBUG org.asynchttpclient.netty.request.NettyRequestSender - Using pooled Channel '[id: 0xf9219739, L:/127.0.0.1:51463 - R:localhost/127.0.0.1:27420]' for 'GET' to 'http://localhost:27420/session/2cf5151f26810885d723368074bec302/alert/text'
06:03:05.507 [Forwarding getAlertText on session 2cf5151f26810885d723368074bec302 to remote] DEBUG org.asynchttpclient.netty.request.NettyRequestSender - Using open Channel [id: 0xf9219739, L:/127.0.0.1:51463 - R:localhost/127.0.0.1:27420] for GET '/session/2cf5151f26810885d723368074bec302/alert/text'
06:03:05.512 [AsyncHttpClient-1-2] DEBUG org.asynchttpclient.netty.handler.HttpHandler - 

Request DefaultFullHttpRequest(decodeResult: success, version: HTTP/1.1, content: EmptyByteBufBE)
GET /session/2cf5151f26810885d723368074bec302/alert/text HTTP/1.1
User-Agent: selenium/4.8.1 (java windows)
Cache-Control: no-cache
Content-Type: application/json; charset=utf-8
host: localhost:27420
accept: */*

Response DefaultHttpResponse(decodeResult: success, version: HTTP/1.1)
HTTP/1.1 404 Not Found
Content-Length: 828
Content-Type: application/json; charset=utf-8
cache-control: no-cache

06:03:05.513 [AsyncHttpClient-1-2] DEBUG org.asynchttpclient.netty.channel.ChannelManager - Adding key: http://localhost:27420 for channel [id: 0xf9219739, L:/127.0.0.1:51463 - R:localhost/127.0.0.1:27420]
06:03:05.519 [Forwarding getCurrentUrl on session 2cf5151f26810885d723368074bec302 to remote] DEBUG org.asynchttpclient.netty.request.NettyRequestSender - Using pooled Channel '[id: 0xf9219739, L:/127.0.0.1:51463 - R:localhost/127.0.0.1:27420]' for 'GET' to 'http://localhost:27420/session/2cf5151f26810885d723368074bec302/url'
06:03:05.519 [Forwarding getCurrentUrl on session 2cf5151f26810885d723368074bec302 to remote] DEBUG org.asynchttpclient.netty.request.NettyRequestSender - Using open Channel [id: 0xf9219739, L:/127.0.0.1:51463 - R:localhost/127.0.0.1:27420] for GET '/session/2cf5151f26810885d723368074bec302/url'
06:03:05.538 [AsyncHttpClient-1-2] DEBUG org.asynchttpclient.netty.handler.HttpHandler - 

Request DefaultFullHttpRequest(decodeResult: success, version: HTTP/1.1, content: EmptyByteBufBE)
GET /session/2cf5151f26810885d723368074bec302/url HTTP/1.1
User-Agent: selenium/4.8.1 (java windows)
Cache-Control: no-cache
Content-Type: application/json; charset=utf-8
host: localhost:27420
accept: */*

Response DefaultHttpResponse(decodeResult: success, version: HTTP/1.1)
HTTP/1.1 200 OK
Content-Length: 56
Content-Type: application/json; charset=utf-8
cache-control: no-cache

06:03:05.539 [AsyncHttpClient-1-2] DEBUG org.asynchttpclient.netty.channel.ChannelManager - Adding key: http://localhost:27420 for channel [id: 0xf9219739, L:/127.0.0.1:51463 - R:localhost/127.0.0.1:27420]
06:03:05.543 [Forwarding screenshot on session 2cf5151f26810885d723368074bec302 to remote] DEBUG org.asynchttpclient.netty.request.NettyRequestSender - Using pooled Channel '[id: 0xf9219739, L:/127.0.0.1:51463 - R:localhost/127.0.0.1:27420]' for 'GET' to 'http://localhost:27420/session/2cf5151f26810885d723368074bec302/screenshot'
06:03:05.544 [Forwarding screenshot on session 2cf5151f26810885d723368074bec302 to remote] DEBUG org.asynchttpclient.netty.request.NettyRequestSender - Using open Channel [id: 0xf9219739, L:/127.0.0.1:51463 - R:localhost/127.0.0.1:27420] for GET '/session/2cf5151f26810885d723368074bec302/screenshot'
06:03:05.620 [AsyncHttpClient-1-1] DEBUG org.asynchttpclient.netty.channel.DefaultChannelPool - Entry count for : http://localhost:51465 : 1
06:03:05.818 [AsyncHttpClient-1-2] DEBUG org.asynchttpclient.netty.handler.HttpHandler - 

Request DefaultFullHttpRequest(decodeResult: success, version: HTTP/1.1, content: EmptyByteBufBE)
GET /session/2cf5151f26810885d723368074bec302/screenshot HTTP/1.1
User-Agent: selenium/4.8.1 (java windows)
Cache-Control: no-cache
Content-Type: application/json; charset=utf-8
host: localhost:27420
accept: */*

Response DefaultHttpResponse(decodeResult: success, version: HTTP/1.1)
HTTP/1.1 200 OK
Content-Length: 115920
Content-Type: application/json; charset=utf-8
cache-control: no-cache

06:03:05.822 [AsyncHttpClient-1-2] DEBUG org.asynchttpclient.netty.channel.ChannelManager - Adding key: http://localhost:27420 for channel [id: 0xf9219739, L:/127.0.0.1:51463 - R:localhost/127.0.0.1:27420]
06:03:05.830 [main] DEBUG net.serenitybdd.core.photography.Darkroom - Send negative for processing for target\site\serenity\17b761db86950adf452c33ac0c5826e70494a35b1202adb5e49aa124d82ed99d.png
06:03:05.836 [Forwarding getPageSource on session 2cf5151f26810885d723368074bec302 to remote] DEBUG org.asynchttpclient.netty.request.NettyRequestSender - Using pooled Channel '[id: 0xf9219739, L:/127.0.0.1:51463 - R:localhost/127.0.0.1:27420]' for 'POST' to 'http://localhost:27420/session/2cf5151f26810885d723368074bec302/execute/sync'
06:03:05.836 [Forwarding getPageSource on session 2cf5151f26810885d723368074bec302 to remote] DEBUG org.asynchttpclient.netty.request.NettyRequestSender - Using open Channel [id: 0xf9219739, L:/127.0.0.1:51463 - R:localhost/127.0.0.1:27420] for POST '/session/2cf5151f26810885d723368074bec302/execute/sync'
06:03:05.855 [AsyncHttpClient-1-2] DEBUG org.asynchttpclient.netty.handler.HttpHandler - 

Request DefaultHttpRequest(decodeResult: success, version: HTTP/1.1)
POST /session/2cf5151f26810885d723368074bec302/execute/sync HTTP/1.1
User-Agent: selenium/4.8.1 (java windows)
Content-Length: 176
Content-Type: application/json; charset=utf-8
host: localhost:27420
accept: */*

Response DefaultHttpResponse(decodeResult: success, version: HTTP/1.1)
HTTP/1.1 200 OK
Content-Length: 3427
Content-Type: application/json; charset=utf-8
cache-control: no-cache

06:03:05.856 [AsyncHttpClient-1-2] DEBUG org.asynchttpclient.netty.channel.ChannelManager - Adding key: http://localhost:27420 for channel [id: 0xf9219739, L:/127.0.0.1:51463 - R:localhost/127.0.0.1:27420]
06:03:05.865 [Forwarding getCurrentUrl on session 2cf5151f26810885d723368074bec302 to remote] DEBUG org.asynchttpclient.netty.request.NettyRequestSender - Using pooled Channel '[id: 0xf9219739, L:/127.0.0.1:51463 - R:localhost/127.0.0.1:27420]' for 'GET' to 'http://localhost:27420/session/2cf5151f26810885d723368074bec302/url'
06:03:05.866 [Forwarding getCurrentUrl on session 2cf5151f26810885d723368074bec302 to remote] DEBUG org.asynchttpclient.netty.request.NettyRequestSender - Using open Channel [id: 0xf9219739, L:/127.0.0.1:51463 - R:localhost/127.0.0.1:27420] for GET '/session/2cf5151f26810885d723368074bec302/url'
06:03:05.879 [AsyncHttpClient-1-2] DEBUG org.asynchttpclient.netty.handler.HttpHandler - 

Request DefaultFullHttpRequest(decodeResult: success, version: HTTP/1.1, content: EmptyByteBufBE)
GET /session/2cf5151f26810885d723368074bec302/url HTTP/1.1
User-Agent: selenium/4.8.1 (java windows)
Cache-Control: no-cache
Content-Type: application/json; charset=utf-8
host: localhost:27420
accept: */*

Response DefaultHttpResponse(decodeResult: success, version: HTTP/1.1)
HTTP/1.1 200 OK
Content-Length: 56
Content-Type: application/json; charset=utf-8
cache-control: no-cache

06:03:05.880 [AsyncHttpClient-1-2] DEBUG org.asynchttpclient.netty.channel.ChannelManager - Adding key: http://localhost:27420 for channel [id: 0xf9219739, L:/127.0.0.1:51463 - R:localhost/127.0.0.1:27420]
06:03:05.887 [main] DEBUG net.thucydides.core.steps.StepInterceptor - STARTING STEP: LoginSteps.enterUsername - enterUsername
06:03:05.901 [Forwarding findElement on session 2cf5151f26810885d723368074bec302 to remote] DEBUG org.asynchttpclient.netty.request.NettyRequestSender - Using pooled Channel '[id: 0xf9219739, L:/127.0.0.1:51463 - R:localhost/127.0.0.1:27420]' for 'POST' to 'http://localhost:27420/session/2cf5151f26810885d723368074bec302/element'
06:03:05.902 [Forwarding findElement on session 2cf5151f26810885d723368074bec302 to remote] DEBUG org.asynchttpclient.netty.request.NettyRequestSender - Using open Channel [id: 0xf9219739, L:/127.0.0.1:51463 - R:localhost/127.0.0.1:27420] for POST '/session/2cf5151f26810885d723368074bec302/element'
06:03:05.929 [AsyncHttpClient-1-2] DEBUG org.asynchttpclient.netty.handler.HttpHandler - 

Request DefaultHttpRequest(decodeResult: success, version: HTTP/1.1)
POST /session/2cf5151f26810885d723368074bec302/element HTTP/1.1
User-Agent: selenium/4.8.1 (java windows)
Content-Length: 53
Content-Type: application/json; charset=utf-8
host: localhost:27420
accept: */*

Response DefaultHttpResponse(decodeResult: success, version: HTTP/1.1)
HTTP/1.1 200 OK
Content-Length: 95
Content-Type: application/json; charset=utf-8
cache-control: no-cache

06:03:05.930 [AsyncHttpClient-1-2] DEBUG org.asynchttpclient.netty.channel.ChannelManager - Adding key: http://localhost:27420 for channel [id: 0xf9219739, L:/127.0.0.1:51463 - R:localhost/127.0.0.1:27420]
06:03:05.933 [Forwarding clearElement on session 2cf5151f26810885d723368074bec302 to remote] DEBUG org.asynchttpclient.netty.request.NettyRequestSender - Using pooled Channel '[id: 0xf9219739, L:/127.0.0.1:51463 - R:localhost/127.0.0.1:27420]' for 'POST' to 'http://localhost:27420/session/2cf5151f26810885d723368074bec302/element/55F4A78BF08480C0A78762C2798D34E1_element_13/clear'
06:03:05.934 [Forwarding clearElement on session 2cf5151f26810885d723368074bec302 to remote] DEBUG org.asynchttpclient.netty.request.NettyRequestSender - Using open Channel [id: 0xf9219739, L:/127.0.0.1:51463 - R:localhost/127.0.0.1:27420] for POST '/session/2cf5151f26810885d723368074bec302/element/55F4A78BF08480C0A78762C2798D34E1_element_13/clear'
06:03:06.018 [AsyncHttpClient-1-2] DEBUG org.asynchttpclient.netty.handler.HttpHandler - 

Request DefaultHttpRequest(decodeResult: success, version: HTTP/1.1)
POST /session/2cf5151f26810885d723368074bec302/element/55F4A78BF08480C0A78762C2798D34E1_element_13/clear HTTP/1.1
User-Agent: selenium/4.8.1 (java windows)
Content-Length: 57
Content-Type: application/json; charset=utf-8
host: localhost:27420
accept: */*

Response DefaultHttpResponse(decodeResult: success, version: HTTP/1.1)
HTTP/1.1 200 OK
Content-Length: 14
Content-Type: application/json; charset=utf-8
cache-control: no-cache

06:03:06.019 [AsyncHttpClient-1-2] DEBUG org.asynchttpclient.netty.channel.ChannelManager - Adding key: http://localhost:27420 for channel [id: 0xf9219739, L:/127.0.0.1:51463 - R:localhost/127.0.0.1:27420]
06:03:06.026 [Forwarding sendKeysToElement on session 2cf5151f26810885d723368074bec302 to remote] DEBUG org.asynchttpclient.netty.request.NettyRequestSender - Using pooled Channel '[id: 0xf9219739, L:/127.0.0.1:51463 - R:localhost/127.0.0.1:27420]' for 'POST' to 'http://localhost:27420/session/2cf5151f26810885d723368074bec302/element/55F4A78BF08480C0A78762C2798D34E1_element_13/value'
06:03:06.027 [Forwarding sendKeysToElement on session 2cf5151f26810885d723368074bec302 to remote] DEBUG org.asynchttpclient.netty.request.NettyRequestSender - Using open Channel [id: 0xf9219739, L:/127.0.0.1:51463 - R:localhost/127.0.0.1:27420] for POST '/session/2cf5151f26810885d723368074bec302/element/55F4A78BF08480C0A78762C2798D34E1_element_13/value'
06:03:06.178 [AsyncHttpClient-1-2] DEBUG org.asynchttpclient.netty.handler.HttpHandler - 

Request DefaultHttpRequest(decodeResult: success, version: HTTP/1.1)
POST /session/2cf5151f26810885d723368074bec302/element/55F4A78BF08480C0A78762C2798D34E1_element_13/value HTTP/1.1
User-Agent: selenium/4.8.1 (java windows)
Content-Length: 138
Content-Type: application/json; charset=utf-8
host: localhost:27420
accept: */*

Response DefaultHttpResponse(decodeResult: success, version: HTTP/1.1)
HTTP/1.1 200 OK
Content-Length: 14
Content-Type: application/json; charset=utf-8
cache-control: no-cache

06:03:06.179 [AsyncHttpClient-1-2] DEBUG org.asynchttpclient.netty.channel.ChannelManager - Adding key: http://localhost:27420 for channel [id: 0xf9219739, L:/127.0.0.1:51463 - R:localhost/127.0.0.1:27420]
06:03:06.193 [Forwarding getAlertText on session 2cf5151f26810885d723368074bec302 to remote] DEBUG org.asynchttpclient.netty.request.NettyRequestSender - Using pooled Channel '[id: 0xf9219739, L:/127.0.0.1:51463 - R:localhost/127.0.0.1:27420]' for 'GET' to 'http://localhost:27420/session/2cf5151f26810885d723368074bec302/alert/text'
06:03:06.193 [Forwarding getAlertText on session 2cf5151f26810885d723368074bec302 to remote] DEBUG org.asynchttpclient.netty.request.NettyRequestSender - Using open Channel [id: 0xf9219739, L:/127.0.0.1:51463 - R:localhost/127.0.0.1:27420] for GET '/session/2cf5151f26810885d723368074bec302/alert/text'
06:03:06.198 [AsyncHttpClient-1-2] DEBUG org.asynchttpclient.netty.handler.HttpHandler - 

Request DefaultFullHttpRequest(decodeResult: success, version: HTTP/1.1, content: EmptyByteBufBE)
GET /session/2cf5151f26810885d723368074bec302/alert/text HTTP/1.1
User-Agent: selenium/4.8.1 (java windows)
Cache-Control: no-cache
Content-Type: application/json; charset=utf-8
host: localhost:27420
accept: */*

Response DefaultHttpResponse(decodeResult: success, version: HTTP/1.1)
HTTP/1.1 404 Not Found
Content-Length: 828
Content-Type: application/json; charset=utf-8
cache-control: no-cache

06:03:06.199 [AsyncHttpClient-1-2] DEBUG org.asynchttpclient.netty.channel.ChannelManager - Adding key: http://localhost:27420 for channel [id: 0xf9219739, L:/127.0.0.1:51463 - R:localhost/127.0.0.1:27420]
06:03:06.204 [Forwarding getCurrentUrl on session 2cf5151f26810885d723368074bec302 to remote] DEBUG org.asynchttpclient.netty.request.NettyRequestSender - Using pooled Channel '[id: 0xf9219739, L:/127.0.0.1:51463 - R:localhost/127.0.0.1:27420]' for 'GET' to 'http://localhost:27420/session/2cf5151f26810885d723368074bec302/url'
06:03:06.204 [Forwarding getCurrentUrl on session 2cf5151f26810885d723368074bec302 to remote] DEBUG org.asynchttpclient.netty.request.NettyRequestSender - Using open Channel [id: 0xf9219739, L:/127.0.0.1:51463 - R:localhost/127.0.0.1:27420] for GET '/session/2cf5151f26810885d723368074bec302/url'
06:03:06.223 [AsyncHttpClient-1-2] DEBUG org.asynchttpclient.netty.handler.HttpHandler - 

Request DefaultFullHttpRequest(decodeResult: success, version: HTTP/1.1, content: EmptyByteBufBE)
GET /session/2cf5151f26810885d723368074bec302/url HTTP/1.1
User-Agent: selenium/4.8.1 (java windows)
Cache-Control: no-cache
Content-Type: application/json; charset=utf-8
host: localhost:27420
accept: */*

Response DefaultHttpResponse(decodeResult: success, version: HTTP/1.1)
HTTP/1.1 200 OK
Content-Length: 56
Content-Type: application/json; charset=utf-8
cache-control: no-cache

06:03:06.224 [AsyncHttpClient-1-2] DEBUG org.asynchttpclient.netty.channel.ChannelManager - Adding key: http://localhost:27420 for channel [id: 0xf9219739, L:/127.0.0.1:51463 - R:localhost/127.0.0.1:27420]
06:03:06.227 [Forwarding screenshot on session 2cf5151f26810885d723368074bec302 to remote] DEBUG org.asynchttpclient.netty.request.NettyRequestSender - Using pooled Channel '[id: 0xf9219739, L:/127.0.0.1:51463 - R:localhost/127.0.0.1:27420]' for 'GET' to 'http://localhost:27420/session/2cf5151f26810885d723368074bec302/screenshot'
06:03:06.228 [Forwarding screenshot on session 2cf5151f26810885d723368074bec302 to remote] DEBUG org.asynchttpclient.netty.request.NettyRequestSender - Using open Channel [id: 0xf9219739, L:/127.0.0.1:51463 - R:localhost/127.0.0.1:27420] for GET '/session/2cf5151f26810885d723368074bec302/screenshot'
06:03:06.579 [AsyncHttpClient-1-2] DEBUG org.asynchttpclient.netty.handler.HttpHandler - 

Request DefaultFullHttpRequest(decodeResult: success, version: HTTP/1.1, content: EmptyByteBufBE)
GET /session/2cf5151f26810885d723368074bec302/screenshot HTTP/1.1
User-Agent: selenium/4.8.1 (java windows)
Cache-Control: no-cache
Content-Type: application/json; charset=utf-8
host: localhost:27420
accept: */*

Response DefaultHttpResponse(decodeResult: success, version: HTTP/1.1)
HTTP/1.1 200 OK
Content-Length: 116024
Content-Type: application/json; charset=utf-8
cache-control: no-cache

06:03:06.582 [AsyncHttpClient-1-2] DEBUG org.asynchttpclient.netty.channel.ChannelManager - Adding key: http://localhost:27420 for channel [id: 0xf9219739, L:/127.0.0.1:51463 - R:localhost/127.0.0.1:27420]
06:03:06.590 [main] DEBUG net.serenitybdd.core.photography.Darkroom - Send negative for processing for target\site\serenity\ee761de0174fda31809a61addf9933dc97e22ba6ba3825b4f67b075b31ffaf0e.png
06:03:06.591 [Darkroom Processing Line] DEBUG net.serenitybdd.core.photography.DarkroomProcessingLine - Processing screenshot image in /var/screenshots/screenshot-1491676914350288459
06:03:06.591 [Darkroom Processing Line] DEBUG net.serenitybdd.core.photography.DarkroomProcessingLine - Saving screenshot to target\site\serenity\ee761de0174fda31809a61addf9933dc97e22ba6ba3825b4f67b075b31ffaf0e.png
06:03:06.595 [Forwarding getPageSource on session 2cf5151f26810885d723368074bec302 to remote] DEBUG org.asynchttpclient.netty.request.NettyRequestSender - Using pooled Channel '[id: 0xf9219739, L:/127.0.0.1:51463 - R:localhost/127.0.0.1:27420]' for 'POST' to 'http://localhost:27420/session/2cf5151f26810885d723368074bec302/execute/sync'
06:03:06.596 [Forwarding getPageSource on session 2cf5151f26810885d723368074bec302 to remote] DEBUG org.asynchttpclient.netty.request.NettyRequestSender - Using open Channel [id: 0xf9219739, L:/127.0.0.1:51463 - R:localhost/127.0.0.1:27420] for POST '/session/2cf5151f26810885d723368074bec302/execute/sync'
06:03:06.611 [AsyncHttpClient-1-2] DEBUG org.asynchttpclient.netty.handler.HttpHandler - 

Request DefaultHttpRequest(decodeResult: success, version: HTTP/1.1)
POST /session/2cf5151f26810885d723368074bec302/execute/sync HTTP/1.1
User-Agent: selenium/4.8.1 (java windows)
Content-Length: 176
Content-Type: application/json; charset=utf-8
host: localhost:27420
accept: */*

Response DefaultHttpResponse(decodeResult: success, version: HTTP/1.1)
HTTP/1.1 200 OK
Content-Length: 3427
Content-Type: application/json; charset=utf-8
cache-control: no-cache

06:03:06.612 [AsyncHttpClient-1-2] DEBUG org.asynchttpclient.netty.channel.ChannelManager - Adding key: http://localhost:27420 for channel [id: 0xf9219739, L:/127.0.0.1:51463 - R:localhost/127.0.0.1:27420]
[...]

Request DefaultFullHttpRequest(decodeResult: success, version: HTTP/1.1, content: EmptyByteBufBE)
GET /session/2cf5151f26810885d723368074bec302/alert/text HTTP/1.1
User-Agent: selenium/4.8.1 (java windows)
Cache-Control: no-cache
Content-Type: application/json; charset=utf-8
host: localhost:27420
accept: */*

Response DefaultHttpResponse(decodeResult: success, version: HTTP/1.1)
HTTP/1.1 404 Not Found
Content-Length: 828
Content-Type: application/json; charset=utf-8
cache-control: no-cache

06:03:18.342 [AsyncHttpClient-1-2] DEBUG org.asynchttpclient.netty.channel.ChannelManager - Adding key: http://localhost:27420 for channel [id: 0xf9219739, L:/127.0.0.1:51463 - R:localhost/127.0.0.1:27420]
06:03:18.345 [Forwarding getCurrentUrl on session 2cf5151f26810885d723368074bec302 to remote] DEBUG org.asynchttpclient.netty.request.NettyRequestSender - Using pooled Channel '[id: 0xf9219739, L:/127.0.0.1:51463 - R:localhost/127.0.0.1:27420]' for 'GET' to 'http://localhost:27420/session/2cf5151f26810885d723368074bec302/url'
06:03:18.346 [Forwarding getCurrentUrl on session 2cf5151f26810885d723368074bec302 to remote] DEBUG org.asynchttpclient.netty.request.NettyRequestSender - Using open Channel [id: 0xf9219739, L:/127.0.0.1:51463 - R:localhost/127.0.0.1:27420] for GET '/session/2cf5151f26810885d723368074bec302/url'
06:03:18.362 [AsyncHttpClient-1-2] DEBUG org.asynchttpclient.netty.handler.HttpHandler - 

Request DefaultFullHttpRequest(decodeResult: success, version: HTTP/1.1, content: EmptyByteBufBE)
GET /session/2cf5151f26810885d723368074bec302/url HTTP/1.1
User-Agent: selenium/4.8.1 (java windows)
Cache-Control: no-cache
Content-Type: application/json; charset=utf-8
host: localhost:27420
accept: */*

Response DefaultHttpResponse(decodeResult: success, version: HTTP/1.1)
HTTP/1.1 200 OK
Content-Length: 65
Content-Type: application/json; charset=utf-8
cache-control: no-cache

06:03:18.363 [AsyncHttpClient-1-2] DEBUG org.asynchttpclient.netty.channel.ChannelManager - Adding key: http://localhost:27420 for channel [id: 0xf9219739, L:/127.0.0.1:51463 - R:localhost/127.0.0.1:27420]
06:03:18.365 [Forwarding screenshot on session 2cf5151f26810885d723368074bec302 to remote] DEBUG org.asynchttpclient.netty.request.NettyRequestSender - Using pooled Channel '[id: 0xf9219739, L:/127.0.0.1:51463 - R:localhost/127.0.0.1:27420]' for 'GET' to 'http://localhost:27420/session/2cf5151f26810885d723368074bec302/screenshot'
06:03:18.365 [Forwarding screenshot on session 2cf5151f26810885d723368074bec302 to remote] DEBUG org.asynchttpclient.netty.request.NettyRequestSender - Using open Channel [id: 0xf9219739, L:/127.0.0.1:51463 - R:localhost/127.0.0.1:27420] for GET '/session/2cf5151f26810885d723368074bec302/screenshot'
06:03:18.663 [AsyncHttpClient-1-2] DEBUG org.asynchttpclient.netty.handler.HttpHandler - 

Request DefaultFullHttpRequest(decodeResult: success, version: HTTP/1.1, content: EmptyByteBufBE)
GET /session/2cf5151f26810885d723368074bec302/screenshot HTTP/1.1
User-Agent: selenium/4.8.1 (java windows)
Cache-Control: no-cache
Content-Type: application/json; charset=utf-8
host: localhost:27420
accept: */*

Response DefaultHttpResponse(decodeResult: success, version: HTTP/1.1)
HTTP/1.1 200 OK
Content-Length: 95292
Content-Type: application/json; charset=utf-8
cache-control: no-cache

06:03:18.665 [AsyncHttpClient-1-2] DEBUG org.asynchttpclient.netty.channel.ChannelManager - Adding key: http://localhost:27420 for channel [id: 0xf9219739, L:/127.0.0.1:51463 - R:localhost/127.0.0.1:27420]
06:03:18.672 [main] DEBUG net.serenitybdd.core.photography.Darkroom - Send negative for processing for target\site\serenity\45c4eec2367aa7bec9792ca2bd245d7a3fe44ae8669218140c89414d83152165.png
06:03:18.673 [main] DEBUG net.thucydides.core.steps.StepInterceptor - STEP DONE: clickNewest
  &amp#27;[32mAnd &amp#27;[0m&amp#27;[32mI choose newest&amp#27;[0m                                &amp#27;[90m# starter.stepdefinitions.UserSteps.chooseNewest()&amp#27;[0m
06:03:18.695 [Forwarding getPageSource on session 2cf5151f26810885d723368074bec302 to remote] DEBUG org.asynchttpclient.netty.request.NettyRequestSender - Using pooled Channel '[id: 0xf9219739, L:/127.0.0.1:51463 - R:localhost/127.0.0.1:27420]' for 'POST' to 'http://localhost:27420/session/2cf5151f26810885d723368074bec302/execute/sync'
06:03:18.695 [Forwarding getPageSource on session 2cf5151f26810885d723368074bec302 to remote] DEBUG org.asynchttpclient.netty.request.NettyRequestSender - Using open Channel [id: 0xf9219739, L:/127.0.0.1:51463 - R:localhost/127.0.0.1:27420] for POST '/session/2cf5151f26810885d723368074bec302/execute/sync'
06:03:18.716 [AsyncHttpClient-1-2] DEBUG org.asynchttpclient.netty.handler.HttpHandler - 

Request DefaultHttpRequest(decodeResult: success, version: HTTP/1.1)
POST /session/2cf5151f26810885d723368074bec302/execute/sync HTTP/1.1
User-Agent: selenium/4.8.1 (java windows)
Content-Length: 176
Content-Type: application/json; charset=utf-8
host: localhost:27420
accept: */*

Response DefaultHttpResponse(decodeResult: success, version: HTTP/1.1)
HTTP/1.1 200 OK
Content-Length: 22438
Content-Type: application/json; charset=utf-8
cache-control: no-cache

06:03:18.717 [AsyncHttpClient-1-2] DEBUG org.asynchttpclient.netty.channel.ChannelManager - Adding key: http://localhost:27420 for channel [id: 0xf9219739, L:/127.0.0.1:51463 - R:localhost/127.0.0.1:27420]
06:03:18.726 [Forwarding getCurrentUrl on session 2cf5151f26810885d723368074bec302 to remote] DEBUG org.asynchttpclient.netty.request.NettyRequestSender - Using pooled Channel '[id: 0xf9219739, L:/127.0.0.1:51463 - R:localhost/127.0.0.1:27420]' for 'GET' to 'http://localhost:27420/session/2cf5151f26810885d723368074bec302/url'
06:03:18.726 [Forwarding getCurrentUrl on session 2cf5151f26810885d723368074bec302 to remote] DEBUG org.asynchttpclient.netty.request.NettyRequestSender - Using open Channel [id: 0xf9219739, L:/127.0.0.1:51463 - R:localhost/127.0.0.1:27420] for GET '/session/2cf5151f26810885d723368074bec302/url'
06:03:18.743 [AsyncHttpClient-1-2] DEBUG org.asynchttpclient.netty.handler.HttpHandler - 

Request DefaultFullHttpRequest(decodeResult: success, version: HTTP/1.1, content: EmptyByteBufBE)
GET /session/2cf5151f26810885d723368074bec302/url HTTP/1.1
User-Agent: selenium/4.8.1 (java windows)
Cache-Control: no-cache
Content-Type: application/json; charset=utf-8
host: localhost:27420
accept: */*

Response DefaultHttpResponse(decodeResult: success, version: HTTP/1.1)
HTTP/1.1 200 OK
Content-Length: 65
Content-Type: application/json; charset=utf-8
cache-control: no-cache

06:03:18.743 [AsyncHttpClient-1-2] DEBUG org.asynchttpclient.netty.channel.ChannelManager - Adding key: http://localhost:27420 for channel [id: 0xf9219739, L:/127.0.0.1:51463 - R:localhost/127.0.0.1:27420]
  &amp#27;[32mThen &amp#27;[0m&amp#27;[32mI can filter user sort by newest&amp#27;[0m              &amp#27;[90m# starter.stepdefinitions.UserSteps.filterUserSortByNewest()&amp#27;[0m
06:03:18.765 [Forwarding getAlertText on session 2cf5151f26810885d723368074bec302 to remote] DEBUG org.asynchttpclient.netty.request.NettyRequestSender - Using pooled Channel '[id: 0xf9219739, L:/127.0.0.1:51463 - R:localhost/127.0.0.1:27420]' for 'GET' to 'http://localhost:27420/session/2cf5151f26810885d723368074bec302/alert/text'
06:03:18.765 [Forwarding getAlertText on session 2cf5151f26810885d723368074bec302 to remote] DEBUG org.asynchttpclient.netty.request.NettyRequestSender - Using open Channel [id: 0xf9219739, L:/127.0.0.1:51463 - R:localhost/127.0.0.1:27420] for GET '/session/2cf5151f26810885d723368074bec302/alert/text'
06:03:18.769 [AsyncHttpClient-1-2] DEBUG org.asynchttpclient.netty.handler.HttpHandler - 

Request DefaultFullHttpRequest(decodeResult: success, version: HTTP/1.1, content: EmptyByteBufBE)
GET /session/2cf5151f26810885d723368074bec302/alert/text HTTP/1.1
User-Agent: selenium/4.8.1 (java windows)
Cache-Control: no-cache
Content-Type: application/json; charset=utf-8
host: localhost:27420
accept: */*

Response DefaultHttpResponse(decodeResult: success, version: HTTP/1.1)
HTTP/1.1 404 Not Found
Content-Length: 828
Content-Type: application/json; charset=utf-8
cache-control: no-cache

06:03:18.770 [AsyncHttpClient-1-2] DEBUG org.asynchttpclient.netty.channel.ChannelManager - Adding key: http://localhost:27420 for channel [id: 0xf9219739, L:/127.0.0.1:51463 - R:localhost/127.0.0.1:27420]
06:03:18.773 [Forwarding getCurrentUrl on session 2cf5151f26810885d723368074bec302 to remote] DEBUG org.asynchttpclient.netty.request.NettyRequestSender - Using pooled Channel '[id: 0xf9219739, L:/127.0.0.1:51463 - R:localhost/127.0.0.1:27420]' for 'GET' to 'http://localhost:27420/session/2cf5151f26810885d723368074bec302/url'
06:03:18.773 [Forwarding getCurrentUrl on session 2cf5151f26810885d723368074bec302 to remote] DEBUG org.asynchttpclient.netty.request.NettyRequestSender - Using open Channel [id: 0xf9219739, L:/127.0.0.1:51463 - R:localhost/127.0.0.1:27420] for GET '/session/2cf5151f26810885d723368074bec302/url'
06:03:18.786 [AsyncHttpClient-1-2] DEBUG org.asynchttpclient.netty.handler.HttpHandler - 

Request DefaultFullHttpRequest(decodeResult: success, version: HTTP/1.1, content: EmptyByteBufBE)
GET /session/2cf5151f26810885d723368074bec302/url HTTP/1.1
User-Agent: selenium/4.8.1 (java windows)
Cache-Control: no-cache
Content-Type: application/json; charset=utf-8
host: localhost:27420
accept: */*

Response DefaultHttpResponse(decodeResult: success, version: HTTP/1.1)
HTTP/1.1 200 OK
Content-Length: 65
Content-Type: application/json; charset=utf-8
cache-control: no-cache

06:03:18.787 [AsyncHttpClient-1-2] DEBUG org.asynchttpclient.netty.channel.ChannelManager - Adding key: http://localhost:27420 for channel [id: 0xf9219739, L:/127.0.0.1:51463 - R:localhost/127.0.0.1:27420]
06:03:18.789 [Forwarding screenshot on session 2cf5151f26810885d723368074bec302 to remote] DEBUG org.asynchttpclient.netty.request.NettyRequestSender - Using pooled Channel '[id: 0xf9219739, L:/127.0.0.1:51463 - R:localhost/127.0.0.1:27420]' for 'GET' to 'http://localhost:27420/session/2cf5151f26810885d723368074bec302/screenshot'
06:03:18.789 [Forwarding screenshot on session 2cf5151f26810885d723368074bec302 to remote] DEBUG org.asynchttpclient.netty.request.NettyRequestSender - Using open Channel [id: 0xf9219739, L:/127.0.0.1:51463 - R:localhost/127.0.0.1:27420] for GET '/session/2cf5151f26810885d723368074bec302/screenshot'
06:03:18.826 [AsyncHttpClient-1-1] DEBUG org.asynchttpclient.netty.channel.DefaultChannelPool - Entry count for : http://localhost:51465 : 1
06:03:19.040 [AsyncHttpClient-1-2] DEBUG org.asynchttpclient.netty.handler.HttpHandler - 

Request DefaultFullHttpRequest(decodeResult: success, version: HTTP/1.1, content: EmptyByteBufBE)
GET /session/2cf5151f26810885d723368074bec302/screenshot HTTP/1.1
User-Agent: selenium/4.8.1 (java windows)
Cache-Control: no-cache
Content-Type: application/json; charset=utf-8
host: localhost:27420
accept: */*

Response DefaultHttpResponse(decodeResult: success, version: HTTP/1.1)
HTTP/1.1 200 OK
Content-Length: 95292
Content-Type: application/json; charset=utf-8
cache-control: no-cache

06:03:19.041 [AsyncHttpClient-1-2] DEBUG org.asynchttpclient.netty.channel.ChannelManager - Adding key: http://localhost:27420 for channel [id: 0xf9219739, L:/127.0.0.1:51463 - R:localhost/127.0.0.1:27420]
06:03:19.046 [main] DEBUG net.serenitybdd.core.photography.Darkroom - Send negative for processing for target\site\serenity\45c4eec2367aa7bec9792ca2bd245d7a3fe44ae8669218140c89414d83152165.png
06:03:19.059 [main] INFO  - 
  _____   ___   ___   _____     ___     _     ___   ___   ___   ___  
 |_   _| | __| / __| |_   _|   | _ \   /_\   / __| / __| | __| |   \ 
   | |   | _|  \__ \   | |     |  _/  / _ \  \__ \ \__ \ | _|  | |) |
   |_|   |___| |___/   |_|     |_|   /_/ \_\ |___/ |___/ |___| |___/ 

As Admin, I can filter user sort by newest
----------------------------------------------------------------------
06:03:19.196 [Driver Command Executor] DEBUG org.asynchttpclient.netty.request.NettyRequestSender - Using pooled Channel '[id: 0xf9219739, L:/127.0.0.1:51463 - R:localhost/127.0.0.1:27420]' for 'DELETE' to 'http://localhost:27420/session/2cf5151f26810885d723368074bec302'
06:03:19.197 [Driver Command Executor] DEBUG org.asynchttpclient.netty.request.NettyRequestSender - Using open Channel [id: 0xf9219739, L:/127.0.0.1:51463 - R:localhost/127.0.0.1:27420] for DELETE '/session/2cf5151f26810885d723368074bec302'
06:03:19.370 [AsyncHttpClient-1-3] DEBUG org.asynchttpclient.netty.handler.HttpHandler - Unexpected I/O exception on channel [id: 0xd00532b7, L:/127.0.0.1:51473 - R:localhost/127.0.0.1:51465]
java.io.IOException: An existing connection was forcibly closed by the remote host
	at java.base/sun.nio.ch.SocketDispatcher.read0(Native Method)
	at java.base/sun.nio.ch.SocketDispatcher.read(SocketDispatcher.java:43)
	at java.base/sun.nio.ch.IOUtil.readIntoNativeBuffer(IOUtil.java:276)
	at java.base/sun.nio.ch.IOUtil.read(IOUtil.java:233)
	at java.base/sun.nio.ch.IOUtil.read(IOUtil.java:223)
	at java.base/sun.nio.ch.SocketChannelImpl.read(SocketChannelImpl.java:356)
	at io.netty.buffer.PooledByteBuf.setBytes(PooledByteBuf.java:259)
	at io.netty.buffer.AbstractByteBuf.writeBytes(AbstractByteBuf.java:1132)
	at io.netty.channel.socket.nio.NioSocketChannel.doReadBytes(NioSocketChannel.java:357)
	at io.netty.channel.nio.AbstractNioByteChannel$NioByteUnsafe.read(AbstractNioByteChannel.java:151)
	at io.netty.channel.nio.NioEventLoop.processSelectedKey(NioEventLoop.java:788)
	at io.netty.channel.nio.NioEventLoop.processSelectedKeysOptimized(NioEventLoop.java:724)
	at io.netty.channel.nio.NioEventLoop.processSelectedKeys(NioEventLoop.java:650)
	at io.netty.channel.nio.NioEventLoop.run(NioEventLoop.java:562)
	at io.netty.util.concurrent.SingleThreadEventExecutor$4.run(SingleThreadEventExecutor.java:997)
	at io.netty.util.internal.ThreadExecutorMap$2.run(ThreadExecutorMap.java:74)
	at io.netty.util.concurrent.FastThreadLocalRunnable.run(FastThreadLocalRunnable.java:30)
	at java.base/java.lang.Thread.run(Thread.java:829)
06:03:19.371 [AsyncHttpClient-1-3] DEBUG org.asynchttpclient.netty.channel.ChannelManager - Closing Channel [id: 0xd00532b7, L:/127.0.0.1:51473 - R:localhost/127.0.0.1:51465] 
06:03:19.369 [AsyncHttpClient-1-4] DEBUG org.asynchttpclient.netty.handler.WebSocketHandler - Unexpected I/O exception on channel [id: 0x6c4fc173, L:/127.0.0.1:51474 - R:localhost/127.0.0.1:51465]
java.io.IOException: An existing connection was forcibly closed by the remote host
	at java.base/sun.nio.ch.SocketDispatcher.read0(Native Method)
	at java.base/sun.nio.ch.SocketDispatcher.read(SocketDispatcher.java:43)
	at java.base/sun.nio.ch.IOUtil.readIntoNativeBuffer(IOUtil.java:276)
	at java.base/sun.nio.ch.IOUtil.read(IOUtil.java:233)
	at java.base/sun.nio.ch.IOUtil.read(IOUtil.java:223)
	at java.base/sun.nio.ch.SocketChannelImpl.read(SocketChannelImpl.java:356)
	at io.netty.buffer.PooledByteBuf.setBytes(PooledByteBuf.java:259)
	at io.netty.buffer.AbstractByteBuf.writeBytes(AbstractByteBuf.java:1132)
	at io.netty.channel.socket.nio.NioSocketChannel.doReadBytes(NioSocketChannel.java:357)
	at io.netty.channel.nio.AbstractNioByteChannel$NioByteUnsafe.read(AbstractNioByteChannel.java:151)
	at io.netty.channel.nio.NioEventLoop.processSelectedKey(NioEventLoop.java:788)
	at io.netty.channel.nio.NioEventLoop.processSelectedKeysOptimized(NioEventLoop.java:724)
	at io.netty.channel.nio.NioEventLoop.processSelectedKeys(NioEventLoop.java:650)
	at io.netty.channel.nio.NioEventLoop.run(NioEventLoop.java:562)
	at io.netty.util.concurrent.SingleThreadEventExecutor$4.run(SingleThreadEventExecutor.java:997)
	at io.netty.util.internal.ThreadExecutorMap$2.run(ThreadExecutorMap.java:74)
	at io.netty.util.concurrent.FastThreadLocalRunnable.run(FastThreadLocalRunnable.java:30)
	at java.base/java.lang.Thread.run(Thread.java:829)
06:03:19.373 [AsyncHttpClient-1-4] DEBUG org.asynchttpclient.netty.handler.WebSocketHandler - Trying to recover from dead Channel: [id: 0x6c4fc173, L:/127.0.0.1:51474 - R:localhost/127.0.0.1:51465]
06:03:19.374 [AsyncHttpClient-1-4] DEBUG org.asynchttpclient.netty.handler.WebSocketHandler - Channel Closed: [id: 0x6c4fc173, L:/127.0.0.1:51474 ! R:localhost/127.0.0.1:51465] with attribute NettyResponseFuture{currentRetry=0,
	isDone=1,
	isCancelled=0,
	asyncHandler=org.asynchttpclient.ws.WebSocketUpgradeHandler@d1b8a4f,
	nettyRequest=org.asynchttpclient.netty.request.NettyRequest@627f03c5,
	future=java.util.concurrent.CompletableFuture@11c22f38[Completed normally],
	uri=ws://localhost:51465/devtools/browser/e3330292-4f86-4fa4-818e-cb2214c5cc0e,
	keepAlive=true,
	redirectCount=0,
	timeoutsHolder=null,
	inAuth=0,
	touch=1687647799371}
06:03:19.376 [AsyncHttpClient-1-4] DEBUG org.asynchttpclient.netty.channel.ChannelManager - Closing Channel [id: 0x6c4fc173, L:/127.0.0.1:51474 ! R:localhost/127.0.0.1:51465] 
06:03:19.377 [AsyncHttpClient-1-3] DEBUG org.asynchttpclient.netty.handler.HttpHandler - Channel Closed: [id: 0xd00532b7, L:/127.0.0.1:51473 ! R:localhost/127.0.0.1:51465] with attribute DISCARD
06:03:19.415 [AsyncHttpClient-1-2] DEBUG org.asynchttpclient.netty.handler.HttpHandler - 

Request DefaultFullHttpRequest(decodeResult: success, version: HTTP/1.1, content: EmptyByteBufBE)
DELETE /session/2cf5151f26810885d723368074bec302 HTTP/1.1
User-Agent: selenium/4.8.1 (java windows)
Content-Type: application/json; charset=utf-8
host: localhost:27420
accept: */*

Response DefaultHttpResponse(decodeResult: success, version: HTTP/1.1)
HTTP/1.1 200 OK
Content-Length: 14
Content-Type: application/json; charset=utf-8
cache-control: no-cache

06:03:19.415 [AsyncHttpClient-1-2] DEBUG org.asynchttpclient.netty.channel.ChannelManager - Adding key: http://localhost:27420 for channel [id: 0xf9219739, L:/127.0.0.1:51463 - R:localhost/127.0.0.1:27420]
06:03:19.646 [AsyncHttpClient-1-2] DEBUG org.asynchttpclient.netty.handler.HttpHandler - Channel Closed: [id: 0xf9219739, L:/127.0.0.1:51463 ! R:localhost/127.0.0.1:27420] with attribute DISCARD
06:03:19.919 [AsyncHttpClient-1-1] DEBUG org.asynchttpclient.netty.channel.DefaultChannelPool - Entry count for : http://localhost:27420 : 1
06:03:19.919 [AsyncHttpClient-1-1] DEBUG org.asynchttpclient.netty.channel.DefaultChannelPool - Entry count for : http://localhost:51465 : 1
06:03:19.919 [AsyncHttpClient-1-1] DEBUG org.asynchttpclient.netty.channel.DefaultChannelPool - Adding Candidate expired Channel [id: 0xf9219739, L:/127.0.0.1:51463 ! R:localhost/127.0.0.1:27420] isIdleTimeoutExpired=false isRemotelyClosed=true isTtlExpired=false
06:03:19.919 [AsyncHttpClient-1-1] DEBUG org.asynchttpclient.netty.channel.DefaultChannelPool - Closing Idle Channel [id: 0xf9219739, L:/127.0.0.1:51463 ! R:localhost/127.0.0.1:27420]
06:03:19.920 [AsyncHttpClient-1-1] DEBUG org.asynchttpclient.netty.channel.DefaultChannelPool - Adding Candidate expired Channel [id: 0xd00532b7, L:/127.0.0.1:51473 ! R:localhost/127.0.0.1:51465] isIdleTimeoutExpired=false isRemotelyClosed=true isTtlExpired=false
06:03:19.920 [AsyncHttpClient-1-1] DEBUG org.asynchttpclient.netty.channel.DefaultChannelPool - Closing Idle Channel [id: 0xd00532b7, L:/127.0.0.1:51473 ! R:localhost/127.0.0.1:51465]
06:03:19.921 [AsyncHttpClient-1-1] DEBUG org.asynchttpclient.netty.channel.DefaultChannelPool - Closed 2 connections out of 2 in 1 ms
]]></system-out>
    <system-err><![CDATA[Starting ChromeDriver 114.0.5735.90 (386bc09e8f4f2e025eddae123f36f6263096ae49-refs/branch-heads/5735@{#1052}) on port 27420
Only local connections are allowed.
Please see https://chromedriver.chromium.org/security-considerations for suggestions on keeping ChromeDriver safe.
ChromeDriver was started successfully.
Jun 25, 2023 6:03:01 AM org.openqa.selenium.devtools.CdpVersionFinder findNearestMatch
WARNING: Unable to find an exact match for CDP version 114, so returning the closest version found: 110
]]></system-err>
  </testcase>
</testsuite>