<?xml version="1.0" encoding="UTF-8" standalone="no"?><testsuite errors="0" failures="0" name="counselor" skipped="0" tests="13" time="145.13" timestamp="2023-06-26 02:35:06"><testcase name="As Admin, I have be able to view counselor data"/><testcase name="As Admin, I have be able to cancel view counselor data"/><testcase name="As Admin, I have be able to delete counselor data"/><testcase name="As Admin, I have be able to cancel delete counselor data"/><testcase name="As Admin, I have be able to update counselor data"/><testcase name="As Admin, I fail to add new counselor with empty name"/><testcase name="As Admin, I fail to add new counselor with empty email"/><testcase name="As Admin, I fail to add new counselor with empty username"/><testcase name="As Admin, I fail to add new counselor with empty description"/><testcase name="As Admin, I fail to add new counselor with empty counseling price"/><testcase name="As Admin, I have be able to cancel add counselor"/><testcase name="As Admin, I have be able to sort counselor"/><testcase name="As Admin, I have be able to search"/></testsuite>