<?xml version="1.0" encoding="UTF-8" standalone="no"?><testsuite errors="0" failures="0" name="Career Information" skipped="0" tests="5" time="85.98" timestamp="2023-06-26 02:29:51"><testcase name="As Admin, I can see career sort by newest"/><testcase name="As Admin, I can see career sort by oldest"/><testcase name="As Admin, I can search career information"/><testcase name="As Admin, I can cancel delete career information"/><testcase name="As Admin, I can delete career information"/></testsuite>