<?xml version="1.0" encoding="UTF-8" standalone="no"?><testsuite errors="0" failures="0" name="User" skipped="2" tests="6" time="56.71" timestamp="2023-06-26 02:41:50"><testcase name="As Admin, I can see user data"/><testcase name="As Admin, I cancel delete user"/><testcase name="As Admin, I can delete user"/><testcase name="As Admin, I can search user"/><testcase name="As Admin, I can filter user sort by newest"><skipped/></testcase><testcase name="As Admin, I can filter user sort by oldest"><skipped/></testcase></testsuite>