<?xml version="1.0" encoding="UTF-8" standalone="no"?><testsuite errors="0" failures="0" name="Forum Discussion" skipped="0" tests="6" time="73.66" timestamp="2023-06-26 02:38:05"><testcase name="As Admin, I can see forum sort by newest"/><testcase name="As Admin, I can see forum sort by oldest"/><testcase name="As Admin, I can search forum"/><testcase name="As Admin, I can view forum link"/><testcase name="As Admin, I can delete forum discussion"/><testcase name="As Admin, I can cancel delete forum discussion"/></testsuite>