<?xml version="1.0" encoding="UTF-8" standalone="no"?><testsuite errors="0" failures="0" name="counseling" skipped="0" tests="16" time="192.63" timestamp="2023-06-26 02:31:29"><testcase name="As Admin, I have be able to view counseling schedule"/><testcase name="As Admin, I have be able to close view counseling schedule"/><testcase name="As Admin, I have be able to create counseling schedule"/><testcase name="As Admin, I have be able to cancel create counseling schedule"/><testcase name="As Admin, I have be able to update counseling schedule"/><testcase name="As Admin, I have be able to cancel update counseling schedule"/><testcase name="As Admin, I have be able to delete counseling schedule"/><testcase name="As Admin, I have be able to cancel delete counseling schedule"/><testcase name="As Admin, I have be able to sort counseling schedule"/><testcase name="As Admin, I have be able to search counseling schedule"/><testcase name="As Admin, I have be able to view counseling transaction"/><testcase name="As Admin, I have be able to search counseling transaction"/><testcase name="As Admin, I have be able to sort counseling transaction"/><testcase name="As Admin, I have be able to update status counseling transaction"/><testcase name="As Admin, I have be able to cancel update status counseling transaction"/><testcase name="As Admin, I have be able to send link"/></testsuite>